[513, '71']
 4O48APmBiNJhZBfTWMzD
[803, 'A5']
 dUfob5k9t2vH1dVEU9bU
[371, '08']
 EiFCRRS86AT19seqH1ls
[557, '5B']
 haPQO667Udv210mTA0DE
[196, '2A']
 HUxZy9B4H4fGmRxaIAUc
[926, '5E']
 2bXVY11btLoUcdDAewqL
[522, '82']
 NzD3Z8U193HkylNMZeAO
[1328, 'F5']
 CcOz5dNeYSJB6gMKgBzD
[151, 'F3']
 lbGE3tbun2ruLzpPExqx
[896, 'B6']
 vx6McBp7zb3Mf2jkydcn
[1370, '15']
 SikMeCEINuwyIYlFRcTD
[805, '6D']
 UuSuyQZ5X9uIIRiVizb3
[161, 'FA']
 KdwPLxmgKmvGd2LnJaYb
[952, '5F']
 8zBwr3hyLcQ0jrKMEEte
[624, '4B']
 D7zYLBQtRqN7a3kL97d2
[1295, 'C0']
 2ZxCRVVzSOsC7fn60OWz
[331, '67']
 HF70xSPrdHCJKN7qLE56
[1498, '24']
 uTF5EWohYDf4ICHlT7hj
[215, '37']
 yH0uMW9AHkm7RIe7GHwZ
[1191, '90']
 d54RabkPPvoTQKtFXQRl
[205, '5B']
 MWUKURJlguJfz746HQqD
[1523, '27']
 rQQdh7DiRVIrYJ0X7qXy
[927, 'E5']
 7isMIa4vCnKhppM650hC
[507, '00']
 VuTvBQ26xAzPxAhP8HfJ
[236, '5D']
 vBbm4zkAtTjXdL4Q509x
[730, '34']
 W4u55fnamtMaow0sKuJQ
[614, 'EC']
 lZ3BpIjXOvhvzrxBxJF0
[743, 'EF']
 S4Kq0RrvxKueittkjaE2
[1035, '4C']
 HJ0exqBBNvyfPDLCTKZD
[1285, 'A7']
 PtsBUom8sOiHrkwHdm7J
[1443, '07']
 MP1DaReJlC9eVYW3eS0d
[1405, 'C6']
 DsUnKW29scB11qwCN2Ld
[367, '42']
 z9U2FJ9nrrF4QE9GEOQL
[1145, '93']
 tRYfDaFvRbYITprbY1hC
[61, '05']
 YunNgdd9sRvUD00pWBhC
[110, 'C5']
 s1dApUTICHNa54Umpnta
[1404, 'D8']
 C6j5WCxci9SApRKXANa8
[988, '00']
 GqBxAcAWWAxRLnol8KHp
[612, 'CB']
 dhYt5TEWaGNd5N7hOc5D
[1439, '24']
 bhDE4f9B0gje4w4Gq6Zz
[565, 'B3']
 DKdlhqjel3xrQCDAHoYE
[1525, 'F9']
 AAsTXzonbq3VLe2Av0b5
[393, 'EE']
 uR5UmqzFd8uVeFLp40e8
[711, 'E9']
 vpn9tBzNB14dPWhpf87w
[1090, 'FD']
 s5yoZqBvB1q1tDgD0bY6
[1556, '78']
 hAhvg4cA51zNTcD3rM5N
[850, 'D4']
 j6R34wVSQZ209gtWG8LX
[578, 'A9']
 Yh7327RjWPUI3PnxFcGV
[719, '95']
 2YtLq3FCRGE2LprY6B5p
[1502, 'E5']
 yRSV0HwFcOque6B4XLAL
[990, '00']
 y5oKu3Hi3n2QU4UNYOPa
[314, '97']
 AlAQFYkYrUlRgDa4y2Yk
[1083, 'EF']
 c0hXgVcRuGefRz2P6tst
[759, '55']
 1zNXGGEn5IpaoAF4ScH7
[1292, 'D1']
 92HmhNAznCls9MHKiiDz
[1301, 'A5']
 NaR4byJrhXpo3V7DgLKl
[533, 'C8']
 iTMpUJomfr9ndYEXIfbi
[76, '16']
 wyhmXnRmLKdOXRCp5YVo
[362, 'AA']
 NQJP9BgWLjiCQ2FnIBfZ
[1065, '00']
 bBYCzumexGct84yxQhwS
[753, '12']
 POY3Rc0xJmxRR4LZM3Dc
[485, '17']
 4RnynjpGlC0xQQWgfkEz
[1091, '46']
 P12GrhAtMZVRwabU0UWz
[132, '6B']
 dHv84OCvrO2D0UIgnysm
[1271, 'AA']
 LnzHv2UINDqK7UwedXSw
[1243, '53']
 kPf9jgWFHxLVjLwV9QHB
[1235, '4B']
 AZdxDamtdxH30Vmj2woI
[563, '54']
 LvVDeTb34nnVAGtY5jqk
[1270, '55']
 EmbqGBHaCuXnGXKBoiZw
[1445, 'FD']
 MvF4QGhjPwCg39o6ySqN
[826, '7E']
 l3VtwVWKwuUnjtKnRvCL
[502, '00']
 KDTN8Ad5tEi97ztGoQdY
[862, '95']
 k2dEcQrJmgVkF8KoJHpv
[29, '73']
 fq9ZIbrPZsfiL7vHO20h
[462, 'A4']
 7m8G11n0PaHW03CFxteB
[959, '7D']
 jY7poV1yeeKXE0H9BU5O
[143, '00']
 2nzdqpeIfJcCUdh9omAE
[232, '55']
 VJhcgzqw5k7bMubYJjNp
[1069, '24']
 73nYM0N7t8QBE44SVzaf
[296, '86']
 HVI6zmxwCeT4bzQK2VTh
[1428, 'AA']
 Abj9QNpCEE3MgmRGnEdt
[1036, '0A']
 Y768bRUbPw6MyMSniaTY
[1342, '1A']
 9oCMpI6MUkcKbZTkk8kc
[397, 'DF']
 wuarbuIAHvXvII39quC3
[541, 'FF']
 VnzerR4brXMY6jHyThQR
[222, '9B']
 M6SEyLvieuGqX7HjRRWW
[78, '01']
 Iekl313tn990GkClWarZ
[173, 'A6']
 zmyMZmCrD9boVU2tB6xd
[865, '91']
 hoGjKR8vzq2NmnX1ob76
[96, '99']
 B91WNceTpLlP3yfkt8RE
[776, '12']
 8mjlFBd68CclWgIalRKE
[441, 'AC']
 Ilq2KKq3k5tGdeVx1m7c
[84, '00']
 N4BSWI8GlQ0jDCkiJLWH
[171, 'E0']
 8yJVJVILATwOHV6MjZoi
[722, '7C']
 cYc10lW2Z5xRO2PChVpJ
[1566, '27']
 8vhhpiTqTriR9cuBmQF4
[1336, '79']
 6aNghdmVK0wwizUWbBjZ
[602, 'A3']
 nwx6iPj9I5VWsIpsVYlB
[608, 'ED']
 3ON3VgVB7zIJNrcpJVtq
[898, '74']
 PqhMJOCoFQzZQiggdoZO
[475, '86']
 ctRC6YnWDqvTcUv8IpiP
[136, '03']
 TrObdj4vT0VC7RrX0TJO
[13, '48']
 0WBJy6NiF2jSYI3eiwXA
[1074, 'F0']
 Y1OAAfHtCrEOYYgZ9P9N
[940, '4F']
 Bu55ewEOcJauxVNuvDQO
[417, '49']
 pZEQoXXI6wsbqUedsisC
[1303, '1B']
 2eJAPijSB3TYjs4dT4FF
[918, 'E5']
 YkWXouMzypcoMyMCgwWO
[938, 'AB']
 5wTM50W0qS8uXJrDnckc
[285, '70']
 sjsvD55RZUILsP3638Te
[383, '69']
 ByyPFrq4P3yRImfZg59N
[1193, 'E0']
 C1C1ee28HXbFC6BTrOuo
[1488, 'CB']
 2HFOLs6OW4eM22Cp4UtB
[963, 'B9']
 kjphEtFjZNico0Uh4J4q
[1322, 'CE']
 n1cdqOSIi95fISwbaz1b
[1139, '00']
 bsKwBonryomnGB4Glo5Y
[994, '00']
 Bp5eKdMh6slmxCtwK0y3
[1206, 'A4']
 c7CsXdMCAtm3tmKX8HZ7
[713, '4F']
 lZg763RxMGy6YaiOI5u7
[123, 'DF']
 tl7yq54CUWCCLIGgLwjH
[1046, '8C']
 uRNWRFnqqv5gKmm15fGj
[185, 'A4']
 BCt3UKnqphZAcLlRVMZC
[260, '24']
 ffVgWuRVBL81zsZD4lmQ
[1359, '7E']
 9js6ez9BEq4RvJpa1403
[1151, '3E']
 rwN38KX6czoCQc0t2eNY
[364, 'B7']
 iPzHO5ac7I9f1qG9CPDA
[876, '27']
 oqADEiVyKMlVdZI5VyWa
[394, '90']
 sOTsYHCbwfnGh87cT1vk
[306, 'D4']
 rq2W23Pqn6kNwTw01rvR
[453, '3C']
 mbhfGnDCWUgttCTa3rIo
[521, '8D']
 EKC2iAXuhAwgRvPtfDUL
[425, 'F3']
 3sgSj4PCPXaUI7z9S8gL
[723, 'ED']
 xxXhZ2HMwSRGFgVpejYK
[1559, '9F']
 1savtVOUbgmTKRkjLjXn
[1305, '30']
 amc5LVJETHtXGMnOBQlU
[649, 'EF']
 6TMzcq4tp2C9ioXqh9SS
[1493, 'F6']
 mKyruBraJ3sSagMAYEec
[230, 'AB']
 yZE2nq7sD6ZJW6DialRY
[379, '3B']
 744gG9pLSCYvBH8GDbbl
[457, '5F']
 i7PBt8zxWfMrAeTeoGZa
[221, '5E']
 4ptum4FQ40nORSREpOtR
[1376, '3E']
 o6J9c5nYR6VAOISCk1eO
[970, '47']
 py1Gjki1MWYmWOTthWlb
[461, '70']
 ePXT7qx1dqrs75vZb5eC
[903, '6D']
 NBGMhivfxlPt2r2FPuto
[350, '9C']
 SW6CfFN4Wor87ueWK7VP
[820, '43']
 5s3p2xJnKA4cB67CWjFC
[139, '00']
 fm2W2spazTX8cemCwa7V
[679, 'B6']
 COlo2q49Wo1hAwnU7b8E
[1293, '55']
 h1yf1oaUdZmRatgRlXge
[764, 'DA']
 4DuU9DnjTvuEBUQiPK7d
[1140, '00']
 z6jI8FYa7UgjT0cW3E3L
[1105, '2C']
 hS1k2j00FuW6UrmQfCgE
[323, '4B']
 dZdBwbJziN9rS0omgfob
[1043, '88']
 bNXCeVTCAfr4iBzyPzvw
[238, 'D8']
 QCTyuMDnZgXIBx3SMlw0
[1548, '00']
 xqBKoMMXLLRapjAGJUYs
[408, '82']
 vF0kSsHbowa93AnCi33z
[1351, '96']
 2gDsAyg9Btz2fPcRHxMo
[857, 'AC']
 UFTJ8oU7Yn5qwQQ9fPFC
[276, '75']
 YJEWaJX5XCXnJaAjHJxP
[1097, 'F2']
 kSKpjZxmd21HnXHJxjew
[531, 'F0']
 KezAuRHPsnjNEj7yxhsE
[1003, 'E0']
 txONLwBgCzHalfKXPxNk
[1033, '94']
 LdgTYTdGEg8gyyBj3NXU
[334, 'A9']
 CZ4pqpAWjKjeC3sVLx8b
[1408, '92']
 UDqatAnIlkfQsxKzSSlH
[301, '94']
 aoGlsTx6Oly6Zr38KVIg
[775, '1D']
 YdSkmwNbfDkrjxYkSfj4
[389, '75']
 pgdaAbtL7wYqRUH2GEi9
[1516, '82']
 2Hfp57E2lKmiGsGE3fw1
[561, 'FF']
 l0Z8rZRXEwGJ63ZY2FUO
[318, '15']
 IkEpEurri8WAKfAL56Sd
[1366, '4D']
 z6vuz0R5j9CSgdwOjrAy
[1106, '4B']
 xOv0JjDFIhD9YtyXzyT1
[670, 'AE']
 IGygVpieG7P51GA5QLll
[1116, 'CB']
 8TCN9TCsXMpieEsJW2EX
[1344, '52']
 ja2LnGA23zYgieQMEku7
[885, 'BF']
 ez6svdpGteumcIQWei8y
[456, '95']
 mqDIoNIiss964n7kmtHe
[327, '59']
 kndENm3aK4n4mgI0JnWB
[1201, '5B']
 7LTcTZNYd5yOdXCFX2dE
[757, 'AA']
 cT4RrmHSyJIpcOyaajbh
[266, 'CB']
 qDGZsYjJLzTYOEeDf2UQ
[645, '88']
 97tPKJmwVpThyNEBoGRB
[448, '90']
 bQQP5nDVa1aVCVvDehYx
[66, '70']
 a9LbCvXf0N1EqLYWW6DK
[676, 'D1']
 N59QTy1KNtvF47AUEDEy
[1453, '37']
 X6EorJQlj7lzTmK7Wh5C
[798, 'FD']
 kWbB1XetUXLvMEU3I5TT
[1417, 'BA']
 Li9Fb3fhNy0vfNLA2hKS
[1038, 'E4']
 sh5FzTTuN92GTW1k0MjB
[246, '9A']
 SRu4Ga92NkAAJ2jM3EcO
[568, 'DC']
 s4YAfLYLs7A3Mf8a3bYz
[48, '00']
 bthGr2picLC0iB3eEbES
[1580, '60']
 4Zm412rlqVuN1GDN3F7q
[854, 'D3']
 ziyVyZu2Hl6lQEXmO6RF
[1262, '3D']
 b3L0z8NEkc3mI0EpAKkI
[1047, '3E']
 PuY1NdcoUx3xdpe5FPaH
[1232, 'C9']
 yB6wAsFFQUiT5wrZdEtZ
[71, '00']
 NZEQhvyh7JqS04IcRMlI
[1469, 'D4']
 HIvmpoWPHvfZBHZUW97l
[399, '64']
 C03hOJsGLDXe4Tv4yC12
[792, '3D']
 bYAkmdMviOSHGdkN8QQb
[530, '12']
 Er5pEWCMowqtuFQAvqkM
[853, '6F']
 NCgTz6vaEZP7t9hYqQVv
[1310, 'E2']
 M0X40oOTWqsDnzi9MD7A
[892, '96']
 vuZrLlqf2P63YyGY77a3
[1315, 'A0']
 wKBQm1GUD8XUCVipFwvw
[1452, 'EF']
 fqZ2lPVTt4CSkXfWciD4
[1104, 'E2']
 bRE6fhMqxNYGwlQMBRxR
[158, '1A']
 MQpHXQPCcayT4uGFKQRB
[1102, 'B2']
 VUkHjwHmFeKS78eHQ4gy
[483, '8B']
 z3tnST2jOSvDspYo4rLo
[954, '65']
 sxjbmxW8zU4b6t84CxWe
[200, 'D9']
 62UCwBQwknOO0CMWcrPT
[693, 'C7']
 VvjOGvOYyD8f28nI5ZWv
[537, '5E']
 3eW1lPm7yKsuQ5jzhF8o
[574, 'E7']
 HL2PfLwzzVwJybNMcPoN
[987, '00']
 dx3XZGRPsdXI8FS87HNT
[509, '0F']
 24npHqw1Boc3P5kwlV16
[1169, '9A']
 AidIp3ue8XIKJVAhHfEb
[625, 'FA']
 x9OVzQqrBmZXVNrfgHDD
[833, '6A']
 yUtTnEa4B9Vo0MSvTvLv
[997, 'BD']
 MQ3YndRqDR991XsYZI65
[835, 'F5']
 OdcUm9DItytJ6skqsbom
[1531, '94']
 VluMs9iMTJexneDmO4oG
[1447, '89']
 Ekax9cNEqH8WrtC6G8W2
[1002, '0E']
 zr0AaRzLphW1WVPwRuKx
[685, 'B8']
 zK2NHJcsJq4Z7aw2pa7e
[763, 'F9']
 KFQww5hWxT2JiohSP4th
[18, '01']
 8WuiuoU4HLfkzI90ttj8
[1514, 'C0']
 4U8DGcKbmK4f7GOJnsTA
[272, '3B']
 T1YCID435T3vE9zwfIpH
[1007, '00']
 v47qZyVj4QQV0PUmIMhB
[356, '01']
 Qgv6kO3qF9c1FHAH4gPn
[193, 'DD']
 AMKULUVZkQDWFUN0OcMe
[768, '4E']
 4y7P9Xj2v22FUqLBVyQZ
[278, 'E9']
 3od5dOrcJ5uTb7zPKckj
[1019, 'C2']
 UNlZGBdYn0m9wLpOTwbu
[1429, 'E8']
 aQE9xQAud50CUXPDpWiR
[1290, 'D8']
 3ZfQqrRXDACF6WgJTTiU
[137, '00']
 r7TXIQnuQErQATqutVJC
[907, 'B1']
 4WiiUGeyD0aCN8KJe2zU
[622, '9D']
 T9KssnmS1Fmjmp0acyg5
[770, '1C']
 pk1iUSQDzor8cMAwFfzY
[874, 'F7']
 sg1nFfzDDnuihiS5Az7w
[1298, 'A8']
 5CZmRzwomb6X434XvWJA
[1190, '6B']
 FOvFQk3kJ2o9cZHrvM7q
[337, 'C9']
 Y1uMbamN3V6OJsSSHIbO
[476, '69']
 tJid488XXHsvMiUqZsXV
[702, '2E']
 aiaIH9QNDzexbZ5ZsgBh
[1350, '74']
 OpK8W3wl5wecnEWmIXUO
[172, '42']
 1UXY9rcsykTKW4PHDEOc
[698, 'DA']
 O78PJfc38hGYgPrFVNpy
[1401, '66']
 iTuq0stPLtQfo14DOWD9
[1093, '80']
 VGVr6pi0bQSS8NKyRFsI
[392, '52']
 hx6kVCqGYUVYZ0CqfIjW
[447, '7B']
 3ViNCQnBtaE8V0BlXDLu
[395, 'E2']
 7TgiYCwJAnGCZWTWG820
[1049, 'E9']
 ObXYvOzzn2tM45bsJbwC
[1543, '83']
 xPHYT7ESaEv9fMA5ATeO
[582, '84']
 kSmr8uN31B5SLkbFnllS
[777, '69']
 GoO7CILTjbn1tOn048vI
[653, '52']
 xKUPkFclIqxvlPprEG9c
[28, '00']
 nJSOEESVtb7aPr4tJl6X
[1463, 'AE']
 z80BVW1LMhXK1qDEGvdp
[1477, '28']
 cz382073J4WVDplZddgV
[387, '2A']
 x08OPwYbj8dSNHw9DKVQ
[869, 'E5']
 tlVYn9W7pCmodJ7rLNms
[979, '4E']
 uLCI1R0k4VHvsYUsEPkB
[1088, 'CF']
 1GoLQBBSVBhsSOt4ODKq
[2, '4E']
 sOD2SUR4Mf7DkPCYiZQC
[1196, '96']
 LCexQqABCQxgTAUlIpzx
[1006, '09']
 atC6f579AnUJqYn60sZu
[1573, '00']
 prV4249sHxLXQPGwkU0a
[406, '5B']
 VPia28GVowzOc6hZqjt6
[1016, '2F']
 EJ8Ql1eUu34np16ngB3l
[373, '5A']
 jekyb2hzqlg14YcwdvUj
[434, '93']
 ocEyS43nihjiF09J6fNz
[115, '2C']
 D7R2CPpDGjolf7jg253V
[883, '5E']
 lx2Nz2MdkCtfvqLJMSED
[249, '32']
 RFRTsvhOrebolTWkNQIz
[255, 'F3']
 PPOwtUgYUcN1ZLJVX3Bl
[1179, '27']
 4tbGQ1TDtY1F0HGNmxZh
[913, '34']
 7rx0gduK7ES406JICm1e
[162, 'B8']
 TQczsatwzPSUdQGpNyDH
[39, '47']
 CeSypbId1TYptKyjq8mM
[828, '2B']
 8KntpkTKXSu9DpevZJyS
[935, 'E1']
 llbxqzH4LM1UxtFNZHre
[1560, 'FF']
 4OcGEh18nzM8cIJSa4Te
[1522, '77']
 PEAydb1oYU5KEeGe2lqv
[1039, 'B2']
 uceKZvKCAqsKXNTRK6PC
[302, 'F0']
 ZWIc7MkpMoVaMpQX5rJf
[778, '3E']
 19qmk2NTsNvOavqiNUq6
[357, '5F']
 snxWIZ2QvHp7ziDAl40z
[1320, '74']
 pdbteaEGGsI6ol58C5zU
[572, 'CE']
 YFqr2ToOHpeyYe4cPOKX
[688, 'A5']
 iSyK7eNXl9p8dzWN0PX3
[1309, 'BB']
 eSxPWixfxHHNBdoNmHvb
[821, 'A0']
 PURZCO3nTjp11xI8jizj
[225, '5F']
 WV7P21ipLzUMawDj3AN7
[859, 'BF']
 jZzFPoZos2XwRKbqJO49
[785, 'A3']
 QwvocXypR5hMTzo0H7wt
[597, '94']
 NtzK9xcTk21niDyqLZCM
[1496, '1E']
 qRkT7KjQuFzSuiHPbsmU
[304, '06']
 vFR6qx8zMQ6sPXcS3sd1
[382, 'CC']
 biQe0DHJe7w0OHsRFMts
[245, '6E']
 tRUOE0pWXiBoaP750vyG
[1118, '67']
 P59UHamYioJbClSeXUtM
[50, '67']
 TgmhnHOexHwoa4Lh8wyl
[273, '94']
 NZemKTJXzr6R8D3VE92w
[1146, 'A3']
 dTqDiZ3DttFErZ1s6PeB
[347, '6B']
 dZpLM7yGpLJN0BCxA6Nk
[1071, 'EB']
 vPqcHxTPw8qLZWGSgTIQ
[388, 'D1']
 eSoeZJUisvD5H2kcCoiB
[673, 'FC']
 T9HULe70uUKPgIiL5mBY
[1226, '64']
 eGAu9b5zpsTumhfu5eY1
[1264, '0E']
 VyWM12iteVDtvzOMWrIE
[142, '00']
 wRZgDhYVZlP9ZsPxMake
[765, '79']
 lhEwPu1eI4UrSU9bjbdU
[496, '1F']
 3ys2hocquvuaHCK6Ps5c
[1534, 'F4']
 8ckKVI3SXBtbF1HjqXaz
[871, '57']
 riJu3UJE5WTj44Yn9BqN
[508, '80']
 70UDhXUWRliaW4ybMhd9
[1517, '68']
 brzvr5ScQMbfmYr3dWnp
[148, 'F0']
 gNxVB1ix28reQb2025gs
[1223, '9E']
 x9vpcMkGJeCMtKbIQmoO
[642, 'F7']
 qT45t5FB2rSzM2yPoUuL
[1529, 'D7']
 kxce73KVFjS4FNFPwMY1
[184, 'A6']
 6FEDmMxnebtqQKgBhsPo
[40, '42']
 xDHe4UXFrbVM6g2V5gaK
[1123, '00']
 rWw3ro0i3Y0HjetjhFno
[1419, 'E0']
 KeUY581gxYNgPILoTdli
[1066, '1C']
 i196lYwTcUIl0O3XJ9yz
[1077, 'A2']
 QXetzKrhkkzQyB65UUfy
[177, '9E']
 yqdWRHW2OLuFF74NbDdO
[72, '16']
 xkixRIeIP8T0l0CjHI8P
[953, 'D7']
 ilUQLqGUN3fap6Q4ZTYk
[1166, '93']
 4w1MTba4hEoUYAABMcwD
[114, '19']
 d1k5Ly3iiZciZoqkCtSb
[47, '00']
 aUVXv4t47NQcm60NIB25
[909, 'F2']
 m3OKxwP6uMnTTsBJDy3Q
[1332, '30']
 41MsUudD2Pc3EIUAFCmB
[217, '89']
 FextnUXaONVIauMuNHLO
[1546, '09']
 MiwL3BavVE9wLeyBiXVt
[1448, 'FC']
 0CbJEUt5OSHeLZFJs37n
[109, '0C']
 pHdxWJWwpfF5SvIEeCE3
[43, 'CE']
 5acfiqA7igOYs6zBrgUI
[99, '0C']
 Tt5jTapev027CFi4I2EM
[274, 'DF']
 72V2umxykaLGypGLzOC2
[577, 'EB']
 SglgAJX1COphtfaD3bgx
[1153, '3F']
 0ybUIjPv5zMjZbD5mQAe
[674, '74']
 yF487g9ftPS0W1f198mI
[67, '48']
 FZniujdWwg9hg2PrMkki
[584, '2C']
 Q74iwhsIdIzXzmVj3IrS
[442, '65']
 Dyueqy19I1x5f31QXOxS
[1085, '00']
 yTrK4Ora3c7GXA2QSe4n
[93, 'ED']
 2K20Fn41anDa921UgmrK
[88, '44']
 FFfYCX3mrR9DMalsUPy7
[515, '14']
 Y3jWLUQ3NxtwAr9ih9v1
[300, '45']
 VM5thx48fEfQAzIDRKkB
[1550, '00']
 q7fY4xvPCoIRuPVrCk1o
[153, 'FD']
 2YwOOrPtLIs6XufQblEn
[1321, '1D']
 Im9tapTaHXa4mwQcZ4ST
[727, '54']
 81UDC1d49BkNeroh9BJy
[180, 'B7']
 kJZJd2zQu6NYOjZvsp7C
[141, '00']
 LfEk26WhCCRs9f6XSv8V
[786, 'BE']
 9Kc0Vp8chS6Ff3LyH2b4
[53, '41']
 DfXX0SG3ujt3C5SsnGSt
[1072, '0F']
 Jux2fjiAESORUPOMDvZL
[999, 'DC']
 GLFtwYkZX8au3qsqN4v0
[329, 'A6']
 wggM4Dq4w35WHgcO9T8N
[1162, '98']
 eZEW24fDRDgQ4MRPdO7u
[289, '8C']
 cNuQ5YeE0hsdpBYxFzWr
[1457, '24']
 FhZ7rbIYmwOr3PRvEeYF
[118, '27']
 qKd95pYJVnNkv5sU5RaI
[1142, '00']
 dVsVea0K8pZ6feYEWnjg
[73, '25']
 ZJSDzoq9QXtFfymrDH8r
[1182, 'A6']
 lqSu0G8gFodZiWCEW33V
[634, 'BE']
 KbzuJb5gCGqvSkppMJK8
[404, '96']
 awPBO3xPk1vyIwbVJENx
[1479, 'C3']
 sbV6jKS4qIpvZeKTDb2i
[1326, '6C']
 jsNtuhft6U7RFIcN7gr3
[943, 'C3']
 xynTUvqP6zrfVQqpGWT8
[11, '0D']
 REawzS0ZHC2DtPzEOQPy
[754, 'EE']
 Uk1Dah9HNvNP3FxuFF42
[1073, '1C']
 vx7SuotdYwzI7wUlp6w4
[1280, '15']
 rFCToQODumnqEz6xN2IH
[428, '3E']
 q7vTr2oAmCCuXn2VjVAT
[239, '6D']
 07AIVKVQH2CRDa8w7eyl
[55, '00']
 FpqU3KStGEaVAzmXG3nT
[190, 'B7']
 kHkiALIAiS1I0x9AeKC0
[445, 'DC']
 AmjiPjWxunYEGaXpIeDV
[638, '4B']
 ajr9MJDgFWi7D8G61fP6
[248, '59']
 cLm56eD9LlangLlscTsg
[736, 'FD']
 2mnoDb8bxYEVGBIUl6kc
[998, 'BD']
 2ZbduJoRoHgrl3jdfQcx
[878, '3B']
 Ax0EOoJyPgBtb4IXs6cW
[1154, 'FA']
 V2wk4WzVxhwPVzvyK7Ys
[1122, '00']
 olUr1sXGD04X05jFMdFX
[1143, '00']
 CdX7Lnj7zr2OVqwvygCp
[1505, 'C6']
 A7aAeF1fDCIQtTjhc0ga
[619, 'BE']
 g2Nt1F8uKzitUmPjTa1n
[640, '4E']
 ikYxBzQuCvZp44xSOBR6
[209, '09']
 pd78N5py71fJdhcP9TEq
[546, '4A']
 GA7hxGSx8cDfrNGXA12Z
[333, '75']
 eK1l3OPrdg1AwUFO5zdm
[784, '2B']
 Qa8yi7CXTWim18nVBTpQ
[104, '82']
 nI2kSn2alJ22789GGeVN
[678, '9A']
 1hdgbM8dwBuXMd4kJqHn
[1533, 'F0']
 mmpAgwr2SuuwpTRXXjl3
[368, 'B3']
 ubZaDydNYHOXUZgPz7Q1
[1286, '2E']
 UxB5gGsM5cGtp1O9lzRn
[1020, '1D']
 VkgrVQdu9HW3x4tbtT3Q
[715, '7F']
 NXkZ3hrd3pdKT4x3Si1z
[667, '4B']
 vYSgoNX9F6R2t52xequY
[345, '16']
 KW68TqjuPiozVFQ80cML
[812, '39']
 fc3OWC3mqKXJWVjmC6PE
[1115, 'DD']
 IEsvafM21ptgywHTFmyt
[601, '28']
 K3XNVusu4KD5c1peRWkB
[506, '00']
 sAYxxaCqGa7NEZZFOHE4
[271, '52']
 h6HxBFbL3wN7bgL0EPnk
[947, '07']
 e3qWDM8SWPqvkgXvLA2r
[351, '2F']
 9yUFgoqWAkYKCdx0hYIq
[1023, '18']
 Fg9d0U4SXWPmbLsKCRpT
[811, 'CD']
 MPLp3zgb35DBh77ky7To
[1465, '07']
 VDSbobDNScHj1juEKNMo
[311, '00']
 yaBiPtzCQOHXgBRAI6C6
[1267, '4B']
 QHqmw9ouVMIW1HNV66kq
[550, 'DE']
 50TR7A5zFWgm4RzzOKgW
[450, 'E0']
 tr4YhWpEFRIPLNhpuYZx
[1467, 'B1']
 UgCCmmS4fCs2HcaFWLwl
[1109, 'B7']
 jOUxjLHbMVgMjPv7fMPP
[599, '2D']
 WtSXWf3SsEwVcs6DRMtq
[1454, '1E']
 tljKxk5MfW6wQbOZY5xA
[1184, 'CA']
 hXPvBlvr3liss2f0GPKn
[94, 'DD']
 dJbcOMG1sQTpqCXlL1Hl
[971, '96']
 p3LOD7n0Xd13CqEY6RMA
[263, 'B7']
 X7DX2J14OKF54GBpLUUB
[1202, '1B']
 iL8ueuckx0uY63mDjHBw
[433, '80']
 MfvkSR5TfEdLiJjV8ZRL
[1259, 'BD']
 HnDAEpFdWr8dRzlnAjRZ
[37, '73']
 uiKzswdagcZ4lKJMArqc
[560, '57']
 YBEUMhPp4iqNsNdtYQOf
[696, 'F7']
 xgxjK3kbeBSsyuduwXBC
[1238, 'AC']
 A6Pcz7eUuSIa0HAXUOd8
[1183, 'CB']
 Kv9HTMMxM3oTq13sIw6t
[882, '7F']
 PSF6DwtJ1ZlYzDNDmhML
[1554, '00']
 zfG5v3zsJoFmrz6LfMPT
[1171, '7B']
 BuqYUWdaQeDRTdKKnemd
[348, 'C3']
 llCb2uOyZa6dcOljy9Zu
[41, '00']
 dOnufIwJLaRGRyvReoym
[1440, '43']
 O4ETFK7y2CBAahu8eooI
[1335, '2F']
 X9WVnmoWpdSJjnZXeZ5T
[1510, '3F']
 QFuWDVDqOeGbw5Em2j6C
[1278, 'D7']
 OEg875GfXNljkgjDolfA
[1385, 'A1']
 VvgprDK7kQa7S7lsVtS0
[643, '2A']
 WEjNo2LZ4zFyXyHwTbbQ
[911, '98']
 xi2F6OAgIlrwyzxgXqFP
[1355, 'CB']
 dZuMvp7DPYN9jmFLihu7
[1210, '3C']
 EL3gbEjCO6mwBkhC0TlB
[1539, '44']
 XZQ75s3A1kHthLJMfAsQ
[287, '37']
 yGgqmeNtiSHj32wFF3pI
[440, '90']
 6JC5PplpaGUNFf7W4ofi
[492, 'AF']
 USguuxWUMUzmP9P6cNGP
[1442, '4A']
 0JMtDRSydaEVTZ9kCeDs
[993, '00']
 Wgdcjbz7R0xMGZrjRoJZ
[1185, '84']
 3Pa6i4Hun2nvdboOnR85
[130, '0B']
 MC4guMgA2iI5lFzEfNaj
[1289, '84']
 cTDAFPOble3ZawPtspB0
[1425, 'D0']
 QpyUWIJUWrzy2OgXbSXG
[538, '65']
 SgQWUiY8IxCaK9XXBM0I
[16, '00']
 kL5b7W7Yh1s8NOmT2V8i
[1064, '8F']
 DtvNKV11aG65JZhpf9Mr
[32, '7B']
 yay3PiqgBRXUeyLn5jVj
[595, 'E2']
 z6TzVPQDes1iU5HSLrXQ
[1314, '9E']
 ZcjLYIGPVESrTRzGhWwN
[975, '00']
 r9qO2l7NDvgsFr71khNS
[875, '2A']
 wECnO7BeAcisUBVU1GK3
[1432, 'B4']
 YKSrD0uppX44n8NKkK1D
[621, '22']
 UrXTLpyXqWKb4jLbM7RB
[1130, '3F']
 PUVSPX3hqtw64y8xEKJ0
[1511, '9E']
 fRkMszkCzzOy2ELVeZQu
[449, '25']
 frOEEZ48ydm9JWp9UT3B
[270, '86']
 F6jT28VtlZxHV2h47k9d
[921, '91']
 HCrw1zjAyTkYfbsNSywY
[1231, 'D4']
 CAYOPXmviFulbzPhFb78
[299, '8A']
 B6mGgGLO4ynB5SBPYPmz
[1129, '1D']
 SO7LR0ikOaqDwKMYcDFF
[1478, '1D']
 5epStKlCkFszpGuSCOxY
[87, '49']
 p7Z6gbmZ6yCwzeVpQ0NP
[412, 'C4']
 PD5Ln84H04x54bxaNbnP
[512, '58']
 OSqE5WZHuBKepdgoEAjk
[1095, '75']
 gN7u7WJjImDOlhIEQ1HU
[751, 'F4']
 LlYe81r6IH4gEErJCvmB
[1486, '0C']
 VJKU3lsGJI3y9IqJ74E0
[203, '12']
 Wb5HUvOUNS8OBlRpuuxP
[705, '32']
 h8MfOIEOMo0WaC9A5xuY
[312, 'AE']
 Ep9EeoqVJK8M18SHfGvA
[1045, 'F0']
 a3Dj9dxXvvT4kQdgrE4a
[540, '4B']
 1dj4GPfLpHhKMTwHMx7Y
[199, '25']
 D0SJdYzs6VPyZQed9QRL
[636, '9F']
 0hDpRS6JUSnCm6KH6msT
[1431, '41']
 BRSJ7pEgDUEmxcBgF61J
[655, '6D']
 x9EkfFRDGdYxP3xh9gVj
[470, 'EE']
 jzclaNUapE7MkdKGQg9v
[1057, 'F3']
 4WZ85skP9SbPyPhhAFk8
[194, '66']
 Om7m3rvfSd7Ili5kzvFY
[1056, '9A']
 PsUaVFWg4wJrZXogwM9F
[1080, '7B']
 8j74Q306Ru7jfIW0nlrX
[760, 'AD']
 yKD7wCqOrNYrt8YghpTP
[1004, '71']
 lzu364aoUHOMA0jQoDz9
[1147, 'C7']
 VuTfepf8W2X3Q6Vh64Aj
[402, 'C0']
 ol38h41j1PaSeJAW25i1
[216, '3D']
 us7JLEFhrjrtaaIcTSUX
[1397, 'F4']
 e7vjZXLe1eoYOSe47r8h
[316, '15']
 qRwbdgblR7FYb06GU39j
[1579, '42']
 Fd3WK0XTMGg7gSzuDHuI
[915, '76']
 uz5uzVdNMoLQ8yrz1wUk
[1167, 'A5']
 3d0BIMS12wGekYTB1Gxh
[1244, 'AF']
 Ac9nvuB0XrULBau634x0
[1497, '1A']
 vuG6SDkUvCRmhvmtqTJr
[1399, 'BE']
 cmL5KGcVNse2qCFXCCQr
[1323, '07']
 BpVnOkQh5pX0tN3J4Fce
[588, 'B2']
 6mumG8lg60f60MolQU76
[416, '35']
 apaJcIF5BPm5CnPWYfxH
[1059, 'ED']
 XXIZQ17zWxJ7nFG0HmtN
[381, 'BE']
 d9FNMXnRw96LKpB8Sd1f
[201, '09']
 wx2WxhXuJCIUUGOt9YIP
[1195, '4A']
 JytQzJiaWvNJ44vO1tNY
[52, '4D']
 GO76gisRTh9Gf0Twghnx
[1461, '34']
 WwQ7mEJXmwk5IPvXbCei
[590, '72']
 jRB59YobSqbaUsIDRTZi
[1446, '4F']
 vlpFm69DitJiGvL98OiE
[1317, 'FB']
 XHTEPWrVYDdY8v9UnJuR
[1357, '18']
 3NRKxqvDV0NJDXa1SVwf
[1175, 'C2']
 yakQY9H1JDkH1MmRyomT
[20, '00']
 E967r9WCUo8WqwcFcQ9m
[683, '4C']
 qrDqLO8afrVICdAGAGhn
[589, 'CA']
 3mBOrvLqLeYnoAUyGTVZ
[845, 'A0']
 VEyoIaIuxUJAE9PREW2n
[1345, '3A']
 0DXeoyAi4wFOlsMGgGy6
[910, '1D']
 TiczGrLWjEoAaviLuu3B
[64, '00']
 TidlPWntC8xZnTpEC3zW
[633, '73']
 Y6zuxxsMUuki8CZdDGbp
[774, '45']
 JZjSDmuHXn1SgfU99uGt
[1423, 'D0']
 LQTM8CUM5a4B0Dac0f7U
[1124, '00']
 4x2VApIcrGS6Lt7TGZ2D
[294, '93']
 6byyVAzl8xbqVoO9f6nc
[739, '7B']
 HeXQUn49n0Udhvk74FDy
[1246, '5A']
 SaTviAJS3Z8uJUngkTEZ
[1466, '06']
 onv4Dkwhv2Uq21DmtOjf
[150, '4C']
 ScDWiAkjUg1xQ2wSD0Nk
[827, '55']
 g4RXVM4nA6tr8AANv5Ir
[925, 'F2']
 YmEmSfb9eIzsFV9wAwtN
[611, 'CB']
 0XAQg4uoFtw8jIU6HYj2
[1170, '67']
 774czm4sjdkJKqhKije4
[1258, 'E9']
 yDtOIFxgKX4e7fQAlGah
[60, '61']
 CcS8GH0OE8mcQ71IG7jR
[1307, '3B']
 QO60Lbl8U9FVquj9K0Q1
[146, '00']
 r6IllVxakcTdvGjW1JC3
[632, '27']
 kI4rVc15b7cTU4QnojID
[1199, '73']
 eGqQ3zO2Hz1kjh1MFYKC
[1042, '22']
 jQWmOo4rXnLxPfC2kg83
[1300, '52']
 ZpmEgKdhZ4dOaJYsYp0n
[1312, '16']
 ckGNEtfYNAeoDLb853US
[1558, '9F']
 OzH6dGJ8tJHazgRlyclP
[1138, '00']
 haci9fvBhjVp4TsWsYoL
[261, '41']
 hZa1vXCQK0BVjJKGZsyV
[816, '3D']
 msGSwCCFUkXVbjbH7DQp
[1576, '4E']
 eeX2cW5UwnAV29Zz0jh6
[1027, '5A']
 weYyHkblI3ko6TIorSgf
[1012, '8F']
 Y5k8hBqS4u1KUoyqNYd1
[401, '7F']
 DblRxEYSgUhZEJO7LI3j
[756, 'CF']
 XpdPN7aADUNTjdLcEiy8
[773, 'B5']
 RhqinjtNa1lZoc7DMlSK
[175, '8A']
 INwPKKpktqdycbfUn5yU
[1540, '8C']
 7Pxz7g10Y3xE1DeoVZ5c
[14, '44']
 GCfcmAa3Uscli0pEbNMl
[747, '90']
 ama6uG71tOAjugngMGtn
[1503, 'A6']
 Q3C61PRsJSprzFjW04HE
[660, 'D2']
 RchuleWi13LMpJHgabjt
[1482, '25']
 Z6BzULYqdsgiETu5miPD
[1574, '49']
 0oDP7PznaL275wfdODBq
[31, '70']
 0gaVKOpc9d8kY4NuTIkg
[717, 'D1']
 AvLokhXRslJCRhoiSZkW
[539, '29']
 m89JTMPZBMx276GYgbZv
[1333, '6C']
 CXkrFkOFG80flf6MmRXy
[407, '39']
 DEJROP2DPyoXnIzsDzcZ
[658, 'AA']
 0v9PKG5b7WkvpttDJM5M
[1144, '78']
 AILHvOgwvHI3KRhLHryO
[250, '90']
 HyQpV8thIqfO20DQ8mGL
[895, 'D6']
 wAr2yk4H9QtKrFWjQXPd
[752, 'C8']
 xDen4AdTG2kildjGw5gv
[849, '8D']
 jdH6voZ9iqe515qbPP0X
[919, 'C1']
 FGDF9C7D1Zua2XpeINtx
[1112, 'C3']
 lGxrnIYaeOmDnmFqWjCj
[690, '31']
 M5q7wjqWbJsiQylSaRHc
[1132, '15']
 YOWSwCjAGGqmMg7qoBbF
[25, '02']
 fPp2tHBzI3F2sF3U3B5q
[489, 'E7']
 aUGuEIZxpt9u3J7bMQM3
[1577, '44']
 Q1N2F7RBhITl8MgMai0d
[707, '9F']
 J5W8RMhvngYWTI3HAA7p
[202, '4B']
 pNGlaLVv3Zf4qm47l4ke
[181, 'B2']
 Fgj4PsfGJZh3XafFxkjB
[358, 'E8']
 l8sFs76y3puqfW7Njxz3
[1468, '86']
 kqaQYDl5snW9CxZHuWOy
[609, '26']
 qdFblS35mTO9EFxNlNMg
[873, 'A3']
 8fTGdVeo2KKLwDaWZEEY
[315, '8E']
 QORDKH31Pjey7WAAWDNv
[1382, 'A9']
 LKixNErJVj298I2yZFv5
[197, '5E']
 0C8956Ycu7lbT9KBsABG
[1388, '4D']
 EEovSe79OZYvVIdtX7Pm
[1081, '5D']
 HFFufJeOYSgt7bcXmpuY
[855, 'CD']
 XnBddODm5hooKB8PjgNQ
[195, 'FB']
 asjAIJJ4j0NR5w0WJBsy
[198, '9E']
 1RzUEoaFhiR21u5bntBW
[1113, 'BA']
 NcRDWgIcUFQHvB1rcZ9y
[1318, '9A']
 EvtEP1tqoZ6lQ63Oq4l0
[435, 'DF']
 0De4rQRA52hAzFYI9pc1
[275, 'DD']
 K45UptrOJV6GE29WqSsB
[1248, 'E5']
 m2UXVdA5v64Og0fD9lsk
[620, 'FC']
 7QmwkQGkxLfqV5IbLZsS
[1434, 'DD']
 VUaOBBVzb8KtBtOz6wKR
[709, 'ED']
 LUPcrI8iQNiXBtfq5aLN
[51, '41']
 yiTU9AQf580exp45ZcQp
[1555, '00']
 B7ZIpFqjgtAlcTTsxQDf
[376, 'DD']
 Kk2TYIDxMZ4M7CIFfpIz
[1148, '37']
 km9lqNO60KwXgF69rKfz
[1409, '11']
 ilkiLZSy5yYLJEIUJfND
[1250, '12']
 oOHosNJ6C6LrqkSQvgFk
[1297, 'C1']
 ws2OOncf17fNsF5ZIixh
[628, 'AA']
 ZGitzl1uxQX4arGQeSGU
[398, '42']
 dtsViHCxouqINZxaYpgs
[1044, '0F']
 ruO5OhwzbTDXbdGrAK8j
[559, '83']
 gntlF6YkbOVaQuDDkGkc
[1565, 'C5']
 MqUvrPrNsWkN4d7HaGF2
[1187, '22']
 dlJ1lYaR2cDwYpUwQW6B
[224, '29']
 nsrNUXqCp7dXVpafpQsa
[437, '95']
 eYsQj2YCGcuMhaEvmaaA
[1367, '27']
 EDpSMaVmYgKD2zzjiXcp
[1471, 'AF']
 GXXkgfputIItf6W3mF9Q
[1276, 'E3']
 5EDamQ8ooNqb0N3kUEJF
[452, '1B']
 5Q0gTbwkxjFFdSheE50e
[1426, '75']
 CHdqmQYF3yRjGZTBhq9z
[1360, '47']
 BlQnVO3LsFyKQEaaodE4
[1030, 'D2']
 fs0V40IPq39JLjse5pgK
[189, 'C2']
 bBdUKxazuI9lTy2yYHVK
[1176, 'E3']
 EdatpikRULmxID8339d9
[75, '00']
 yId9TzKKTmsWzaOP6A7s
[924, '75']
 S7usc4ZU9aEpjh6i1DSG
[1324, '09']
 Lb0OeDQq5IfTj1LzdjJL
[1048, '4B']
 7vVJufsmtjXk6sV4hdye
[1257, 'B2']
 MrADcYauXtm6VCuI4u9j
[256, 'A4']
 mhdZvoTTnv24biqPjQeo
[1494, 'DA']
 pPgRuoNlZbLdc5JvHLuL
[1535, '08']
 EhMaoOBit09rinTm0YXL
[444, '39']
 ryzdTOuVK3XGXGJEBZfZ
[1011, 'B5']
 88vx5upsobSsdxejuaV1
[656, 'B5']
 r09TEwBj4xFHPRhEfeaK
[1287, 'E0']
 D6vu9D05DAdxAAhbUFj4
[1282, '95']
 K2F2JIUfZWuCrmyd1ybS
[593, 'EA']
 BSViRN0GjZiD48yZ3gLE
[960, 'F9']
 91ZOMVZqmuSEcIpVw5gG
[468, 'C7']
 BLQilWDLfcsznUnHApIo
[1339, 'DB']
 AV8XF62Mz5Rt3j7Owc1y
[365, 'FD']
 iqMw8GJKg99CGcr33MJh
[586, '9E']
 SYcHcXCYUxkFBpRGgMkB
[469, '89']
 TM1yxlASP8PPnAR30Ewj
[1252, '07']
 wNugvu7T1jWezQrnILND
[213, '02']
 Ajw0oYRQber2Rb3ja8h7
[1569, '95']
 w0TIU0t1aIFS3fX2Tjxt
[313, '0E']
 tCzyISo6rDdqByv7guZ4
[491, 'AD']
 pirTRhJoXh9z9XU7Lzxl
[708, 'A6']
 6DgZXcweGX330oFmNpR0
[800, '1D']
 3xmyex3686LYqVbbI1lS
[946, '97']
 5IbbRl6JBUilJzPD2ZbE
[360, '4B']
 IqDCJP8mbycNdPCLSDOy
[737, '85']
 OzlIkAvWm4INzPyN5jdI
[119, '9B']
 OoOx03OxXF4szPxPSRrS
[17, '00']
 8azCFEyPMN9hHSoI9FOe
[480, 'AE']
 YrnAhtyBICR2F57QI3dV
[1352, 'E5']
 lo1MeuaVkMOunS6FjMHm
[359, '34']
 9e9at2dZldh9KRv2oLig
[1150, '9B']
 6McT6p7PeeHmqQgpR8Wz
[1570, '00']
 CzugW6ECsG0AnCTWriBP
[291, '76']
 MDYceAuCEYa3mlK9KPPQ
[916, '5F']
 bouJrm491K9qLzoRfGxP
[1119, '26']
 leX3Iox1DyR38eI7h3tO
[147, '00']
 flfNE8XRTIM3gnwKabMX
[863, 'C1']
 lDYtOLcYxSWOknT7kj9x
[1294, 'F8']
 lONH0rgVHmo22qT3khId
[1211, '77']
 fQHdukGUEXLIPdgqr7Ek
[996, '3E']
 tO88ArSAD3zl5l1sG8qL
[1526, '99']
 MpSmqTQ009eKRUt04T8x
[562, 'F2']
 80FoQicsKZrc1rCPY4Tn
[482, '4B']
 PhYqj4TKdaUMHlycFguV
[305, 'B2']
 vHGKIRNp7TWz7MKWyF29
[519, '47']
 aIUI6NSgjlNLdBiEtsEz
[1571, '00']
 3FMnFV86dd4GOaMmOGZe
[1398, '6B']
 P1V1HoEmxuN8AStRc1UC
[418, 'BD']
 mSzjHUtGcyNman02X2CX
[1541, '24']
 jQDslKW00VPdYd7rB9T1
[809, '63']
 jnPAWt150fkolpYEdNzN
[1178, '3E']
 S9Mw1nN7ACXkq63qThkO
[545, '54']
 J4UnhHAr1YPWqBuCrfzo
[941, '6A']
 idUO8WPDwxBlyOpTVUCA
[571, '70']
 LtkaNa6nDUG4wcRo4uEX
[1444, '92']
 lLZ4JL6JRMTWayK6UG99
[374, '25']
 pyTmzArplStVw6SzEF9E
[1240, 'ED']
 0N1Nhgteuo7K8VLGsn36
[1205, 'D7']
 A8RnYbH55MiRWJlm5fNq
[1340, '81']
 13rxM3is41CFxNcbe9df
[766, '77']
 HQK087ZsYrmZlCIXNQCR
[1229, '26']
 U2Mlczj5ikDbdJ7LsMfW
[1094, '21']
 7OVXYiEjrNYs1J6dMTGY
[665, '0D']
 BPspTJipkgzXsHJmK3u3
[1346, '65']
 u0UrVHtmq05JhTHQ3CHj
[1368, '5B']
 vkrO2mlLwpMKolYjlqih
[152, '6D']
 jEugtkZpzLwMAtHZaLcx
[131, 'FD']
 moMV1HSwva5ZZxiTWB1S
[669, 'F0']
 MhYNbZy1pGBJF9qC3CoK
[552, '79']
 6Lbv7viJ025w97hLIOkY
[1125, '00']
 pWq4ICeteB7Q5fKgvHgQ
[288, '95']
 N8qEBDLamaTMF6DAcTMw
[247, 'E7']
 VKReiNswlpO8Tai6OzPS
[923, 'DC']
 6Joxqn11431C1MXOJm3E
[160, '5B']
 3O27XGnw0KoJT4dCY7et
[962, 'CC']
 0VIGiqPvDeX2bLLSfL5e
[801, '83']
 xJqQYB9Uka0iQZviInuH
[1549, '00']
 66FQTJdrHSFeFOc6CP2H
[1288, 'B4']
 L9hXkRCCZTHAIvTNCIDt
[729, '89']
 CGwSh9QkuZoBoyKJYwUk
[303, 'E5']
 3ITRm7BVkTCaN6onoJty
[419, 'AB']
 CjAss0LpoG77e80PP428
[366, '4A']
 EkXUm2LmBfRxdFdG4dzv
[233, '39']
 zbXzjinGIHmIIB2Bkpyw
[639, '0F']
 o664r5pdL9SAHUjWlMs1
[212, '59']
 7Me6HPkFpYuE1gO35weJ
[1343, 'CD']
 DiiBo8hlBt2hSAxksSwo
[1067, '68']
 ctW6xHLInAT1mxDoYsqy
[1079, '29']
 pRzvGPTkaKj8Faghjikr
[422, '12']
 FfCRHqJqJXvkY4pVY0Iz
[1101, '4F']
 z4ANbCCBYpYeKVfG1HwS
[1058, 'A5']
 Y6Jr3uKwZSDgXH2dWvFX
[576, 'E4']
 sKO1Ay4N2gtpMZEB4jW2
[1311, 'AD']
 eXgbxPafIihWvWAZrPJw
[1313, 'B8']
 1Gd5L8wHThQt6V0BzweC
[346, '51']
 9BI4xP7nS4xX61QbOYUG
[1008, '00']
 SAoEd13VzfcAzMhBlbkF
[1204, 'FA']
 nibquggKKIWi2C5XSUDL
[3, '47']
 QHRyYePt5IwbyP64Jbeq
[726, '6E']
 Qj16yzTvY26qatM8OBYD
[100, '86']
 twFhFD8MmPMaQVTzzwOW
[1028, 'C3']
 9IV1hgX4e2mjbjiSUMT3
[499, '00']
 ibt6fC2yWylKyDUm77zd
[762, '3D']
 Pcoj0sh7urKUVOOHWm6H
[1418, '56']
 dvW6nslXhiWuofHWupSI
[1040, '24']
 w9jhzM7EPlkqVCPLCAWK
[847, 'A5']
 80AblMJ4aMPhoLEelevq
[145, '00']
 PbJYgTAQtWMD0uzkW4Mx
[1242, '22']
 h0ae0vCgDro3rOU7juAT
[413, 'AF']
 N3uxNRqAXsVR9bPw1uYr
[585, 'C2']
 kX7eK82K5Tid6MKgxg62
[1225, '96']
 RCg4M4H2Bsh2N5vcMgsH
[755, 'D9']
 DU3RR86VzqfkVKWKrFQ0
[432, '3E']
 wuxekgWY0GQoQhfwCayW
[390, '6A']
 IESV5IY8TyF8WL00uu4I
[464, '8D']
 FapekhX331R46Thrfbgn
[808, '65']
 rBhqkXIjNchoSZTdtsDT
[375, '6B']
 pW0D0eeQfauQZ1U2SFd3
[89, '41']
 wwykqxQuHUeQDtrKetgm
[615, '5B']
 q51gFZwgpDCijYaBkEnX
[618, '16']
 ZZoHlixYwYq0BPfaQhyE
[97, 'AB']
 s7YpJo7V968J4P3fJFjO
[718, '7B']
 4Oe4DjSiJd0ncikKbite
[111, '9C']
 AZ3U7KyfH0jMmehAgijk
[1495, '8A']
 1lELypEOfnDNjEtQSJB7
[415, 'B5']
 NWdsrbmaTyagwrjL6EzG
[1260, '41']
 vWOEhMOkmZwxtwJiud1n
[591, '05']
 nbVgJgkRBwGoJEeeB0GP
[105, 'A8']
 md4OiiBTXWhbW3qInNoD
[1578, 'AE']
 BKab4yXEHPHEvfF3FrOR
[735, 'FA']
 myLKiy31T3WpPM1F9Lxy
[1275, 'F2']
 ATkIvpCTAPaMkYoVs9dl
[617, '96']
 DRCRt0slc30WpT0itKyc
[70, '00']
 UGmr4jjkWVMyqn1ZYNDP
[955, '58']
 6IxgpMZ2jkUQI0xpu8Oz
[277, '06']
 gPabDB6feD8OSV981xqM
[1053, '16']
 KWlAB4Ont9epGIDmxZUM
[44, '1C']
 IsEQ8PXGEVGFyV6QdIHg
[868, '61']
 hz9KLV8wxGtmL16GeES0
[102, 'A9']
 2wLVYfo71XXHq4TkoOnZ
[1134, '00']
 0TeyHkJt54Kh6prvFDI6
[967, 'AF']
 eQcvIff7hwUaziCcJMIN
[178, '97']
 FLWUhk1Ov1U2kaBk3ipR
[956, 'AC']
 QzoDxQwY5nJoiUNFUx5Z
[1092, '96']
 XcgQm32YKeTDqz6pGD5x
[691, 'A9']
 RstZq8maZrA5tun9GRIv
[460, '12']
 wnIxPMsMq88Cj4DKtrB9
[607, '6B']
 Euwnf23rAZgqTNB15SyN
[494, '2B']
 m7POKSXtDJZKGPNIfXDa
[877, '25']
 OhBlAhUIYv10bmstRwWb
[651, '3E']
 QM9dOxOoCRW8VWk4Osxo
[372, 'B6']
 DdzDX7NDfDHxLnShDlpK
[1245, '54']
 7HqXSttPFuld9NLoDXtn
[1281, '5E']
 vscv5WWp4icpO26WpAxL
[843, 'BA']
 gOJz72pD430Zaluxth7h
[1363, '1C']
 h5kkbAgwgV5Gc2fVaGco
[384, '96']
 d10KthNwKhowtPd8MH94
[319, '02']
 Pm9UcLqrbeidD8g6l0d9
[1421, 'CE']
 WTEtn25euesvSH32whpk
[226, '9D']
 i0mzeHTKEAZlekxPM3vZ
[650, '55']
 Y71PNjDEeNjLZBWwcKes
[901, '3E']
 jp1XJfBbeABxyxqMDPzz
[1255, 'E9']
 qGtD9PazBUfxWh6ByUMp
[101, 'E1']
 ABKSjDzaY4HpHSkCtqp1
[133, '60']
 LM0ZaCxBpwgchf8DJ5Ud
[400, '09']
 gaN7qMeCMqM5hm4T9Rs2
[1032, '1F']
 52qvs9xc9CrMpkYf2GTD
[8, '00']
 0Ubb5BaUYwMqnS68Ca1u
[930, 'E6']
 rYWKnopv7zj7JeiIY3Z4
[436, 'F7']
 xb04hcpy3xx8B0NdigVn
[1338, 'EB']
 lG7YDpbaB1Av3dLvg4lR
[629, 'A6']
 V2edWVaghWAYpvVpnayZ
[42, 'AE']
 QXnZxQGUa9OdYguPw0rU
[127, 'E2']
 dfq9OshIFXYRfHCFwsZx
[714, '06']
 rbbllPO4CK503vDFwWQI
[936, 'A5']
 n8WvxjD4yd5NH8X0Yn6o
[646, '13']
 q0Ebw83StFYMhKlerE1k
[1098, 'A5']
 hSM2XAR1Uthc8e6gTLiZ
[24, '08']
 BL7CXUHejkXjkfC13kLR
[211, '1C']
 xcy5abyiQpWTDfCaUDyZ
[95, 'D1']
 WP7baEm4ujKhR8biqtV2
[204, 'BE']
 5xZ2C1DmZl6Eq9wbEXBo
[1149, '7E']
 jJEhcmJcFO4cAiYIMUre
[695, 'D4']
 xIe6ECg3YDevsIvT8c75
[410, '43']
 nKomraei3l1qz3dBU7eZ
[1234, '2E']
 tEK02Wi2TZtWOb5xjJTy
[1078, '2C']
 nlrC7tSEfr70rBqJ9Rw5
[112, 'B5']
 KURRc98hsSSZvezo8ccr
[1530, 'E2']
 Z0X5Ezn4DU83gByBgwBK
[666, '55']
 WUiZJXB457PwMRKfJiZU
[1165, '9F']
 b22nytcYNkVGZ3m2fazg
[818, 'BD']
 cOde114Mi3OWlRqSG1Ks
[65, '09']
 o3FgbaiSscob7Gi2XFod
[720, 'B5']
 UdeFWOYcMfrCiIRMm0cp
[1424, 'F7']
 Uu4895Xlc4cMIOQYddtl
[1181, '42']
 hZheEFsjn2ICKCht0wOY
[556, '6F']
 o9LBU84aR2wQMG73ke23
[831, '6E']
 Mc99aljLZ9tlMLwe8PBr
[1575, '45']
 hQgxrVhgfEr8orCEeHuZ
[1241, '56']
 uftmDKlleIHVfQ0L84qJ
[310, 'E0']
 7C398RY9877A0l7qAtb5
[716, 'DA']
 wfMC7pPA9JcidBpGFqRZ
[229, '30']
 JHQgNdHbZjzJiLIu6nEx
[652, 'CF']
 FPfs9YfbvSPjRDYDUh1g
[156, 'CB']
 SLRmmGtfXZDchvUInDrm
[126, '4F']
 dV4oLeIdAbbyNuhPjBRU
[510, 'A7']
 zEkzSwe8i182WC2VmZPo
[427, 'E5']
 hl5AhSBE1Mgz0fc30v5B
[505, '00']
 nobirZN7L2fBFogfMHwF
[1420, '02']
 rBYgh9FoQCvh1EQHBBx1
[1386, 'D1']
 q3Jb4zTB2ztoByter6TS
[884, 'E5']
 XFt3oz0JDvsD2VulEyvB
[1507, '19']
 dRGZYRrq9EnyHn7oFtm3
[49, '04']
 wXJ7MUeCykeKMEn4HViQ
[526, '7C']
 C7PweJ6Q4MRvm3BOR8NW
[692, 'A7']
 n6VuEUNz7BMcDbARCWrc
[1553, '00']
 WG4FfngETrTkTRBQu845
[1180, '4B']
 ySiIiNKvDCzWZ1bR9OQV
[144, '00']
 RV6JgX7FizjDqNFwKQ2a
[904, '8B']
 AoEwYISG4dEuFigJBDME
[810, '1C']
 hKIB6N7EZYgQNTPHhIgp
[1400, 'EE']
 tEXM0CohfK7MRrtQcluW
[790, 'EE']
 8YWYYLJzcGKQQmAvKki8
[780, '1E']
 PMV0QKymoqXmPEKo1lfV
[1551, '00']
 goFcG7Lfffl5SFxXLh6V
[220, 'A1']
 s6EzHtm1IT0QDlFejAxT
[1532, '01']
 D8fJHuD3kWoVSMitbepx
[121, '42']
 u9FXd9X21lVBaX2t5ftm
[500, '00']
 HaOvEEUNIcooFjcDdnrG
[992, '00']
 8yzDfZ106K7qC59nMsRf
[1384, '67']
 rrYxWyw36DknSDJI52ku
[872, '8F']
 9vIRxRNEyvjfF0j3Zw6N
[1331, '4E']
 33nJm1ICPuXLDRkZdXzK
[858, '78']
 jjJ3CFUKmhi1PJIcSIMk
[1227, '8C']
 G34xzq68WhWT6wdvGwWg
[90, '54']
 BGATei7IDkQCNa87UGSB
[308, '85']
 3K5yrr4nXgfGWoJMv4zI
[328, '6E']
 NWI3qlyetnumouDuSf5E
[352, 'B9']
 HGTfeylSqNEfyho9TKmf
[1527, '0B']
 7wcVt69dD6RWXAfKzSoe
[1013, 'E8']
 Vnn7qJAeSKNeqeLFXsq2
[170, '54']
 KvIWgZxzoRIr9RYmtfxn
[125, 'B1']
 YLTb57DUfgChLPsCwk1M
[322, '30']
 xQgjSx1wBoSakdf80fRU
[174, 'C5']
 HbY0UDtOOUEssGOMW04b
[30, 'A7']
 DCokG5RpTOyOful9dxfy
[259, 'B3']
 adNxGZ4gCmQceRj51J98
[155, '6E']
 21UrD4aLnXq0QpoTwBlg
[1501, '3F']
 gWLcdqLTYDVjxCqCQRXi
[1222, '6D']
 0iLYgoG1irYQZIC6Ksfw
[535, '70']
 LOY2u9CP0QgABPbMgdq8
[1416, '4D']
 ZjQJCZcTaxyQEUm38zT9
[77, '25']
 T1hyCAf5wuH7TIn4cF97
[782, '42']
 hZn6P0oW6dBBBWsPSbag
[732, '9B']
 Xrhug9mHTGFa3vfUusd7
[1283, 'A7']
 jRgrsOzSzWFJAMjlBGiD
[68, '59']
 MWCa5LsVKRVVh2nRwPc3
[635, '37']
 WkT71g2DlMdA0xYuKSQV
[986, '00']
 oUXK9Edee0dYWpYQ1OMp
[1274, '76']
 aqxzWH0sd8DK4KWnrllK
[1208, '50']
 eCRmhCsIYu74KCdciw0F
[1371, 'B8']
 je69KKrz16ZTRsx4gwHk
[566, '3F']
 EqZQadqtEPFbXFIHx0Oy
[218, 'A9']
 eUqlRPdICp9wvlfEyuvQ
[807, '0C']
 LfgBaxObEHbkdZjtYvQ0
[1158, 'DB']
 IudrFRGTNMDzyr6xd3EX
[746, 'EA']
 NVFoQqUaerrjDfwJtcla
[842, '9E']
 eHvtG43tEpFKZErpZHZw
[477, 'BB']
 Ni2DhB33k2NMNCNO2Tc9
[1387, 'F6']
 1bHsTxknsa2Rw7aYpNit
[82, 'F0']
 3dzJJJuMCs7HBa2JtQ45
[27, '00']
 OommTwVzhggjMlX6Grvh
[1265, '75']
 MCpF8x81lHXlnhChKKa9
[35, '00']
 fnC2T9UlZreA9Qr8wI6E
[157, '94']
 slVy3mbxSMJegikYh3kN
[165, '97']
 bpeUAA450E8fclDRh3zq
[1395, '79']
 zhg4E28u4oxIJENJjtxk
[1536, '2F']
 dm0WQDGUnurlTiTZo4L6
[1249, '9D']
 PyGD0GRQElXEsNaIaSV5
[242, '64']
 t2FMRaWCpblgDW6UMsOH
[280, 'CF']
 7mR2d325AmCgOYzuqMbz
[834, 'F2']
 a7GsXOU5Ej8fdnUnPwuB
[1031, '9C']
 wEMcpKHHIN9tFsH2jVAl
[251, 'D2']
 JCoyNxn6BSpTI4Yen1mb
[1168, '69']
 Jh1LGc02AsPuMiNnfp59
[1220, 'CD']
 IGqCSnLAYwpbXiLPLkNv
[237, 'BF']
 LsjufYh4Un9lEgpHsfW2
[684, '06']
 Bmv0You4ixzV9a2xeFDh
[914, '9F']
 2D6LB0GSN0ywXoGs3DUb
[1436, 'BB']
 c0xAVzxI36eEJgXZJxH9
[1082, '2C']
 aFim2G03orSHVNuJIAOQ
[1341, 'B7']
 HJ8F8UzcC2h9bTpmj8Zk
[793, 'F5']
 ojS88TWh1mVYzLQpeOri
[188, '51']
 WLRHdQh4Rmt2hwoSskqg
[284, '33']
 5nqioLrEHDhNmf2d9jPm
[682, '17']
 HN8JqycAertZXZmGJ6hC
[1325, 'C7']
 0QC3F0SJ2qxBEokRDtQA
[1126, 'E0']
 RUy4oHVkUahWkYjSG38a
[1200, 'D7']
 9w4VpsB8sp7UZClqcesF
[1506, '38']
 b6mAXOStKb2rTRvWOce2
[1041, '57']
 0yCiItDY8jwpFC8wzfPf
[22, '00']
 xG0U2nNtw0UbO8siCFPc
[231, '9E']
 JOsuiOUU59grijZ3n6Fc
[1194, '35']
 ovPCT5B1FZRT6tXM6UGg
[206, '54']
 Lt1T2fojLZ93ymevygCj
[23, '76']
 3ipcD4xpd9vyOoxvu7MW
[814, 'D7']
 FkEm5vYktZGtV5Frh4Mk
[295, 'E2']
 BN5ghFy3IUPZAcHvBgp5
[1121, '96']
 85kDwJAliRECV8NEeUQZ
[1117, 'F2']
 qUzXlffLhR0m6XphbXGd
[672, '1E']
 2xLYWIxn8RnrmSlllYyt
[286, '8C']
 WOBimgyQmdNfJi9FOu4Y
[253, '3E']
 XMC76eKlKOAUhYqA00RL
[978, '9C']
 5alXjUN7EMgWzQ0X6HlF
[1430, 'F3']
 WaZBMbtiSkTb1CImOApB
[1005, '64']
 N0jTpJPN3tg5Lh90Reh0
[330, '59']
 EtWa7k6WYGeWAVCXRKLC
[922, '25']
 xQ0RV9cylv4hC4drcY5a
[1337, '55']
 AZ34PfJahXxBJYq5m80J
[227, '48']
 TRdB62csmydbzarPhuK4
[852, 'DE']
 ESN4PEd8cThYjeZeVjM2
[728, 'CD']
 pCU2CKu6ESuTWcDRJyeo
[1353, 'DF']
 Z7WQmcdg86292MTe8DqY
[604, '07']
 IbipKVNb941PoUSa8q0R
[1279, '60']
 MSwQ42zluUZExfAGd5lR
[1152, '5D']
 zn6Mb0WEvCQibbvjG40R
[166, 'B1']
 SWJtlus1UPjz3hMfTgQi
[454, 'A1']
 Aom5A3xviLHx1MjLObiI
[989, '00']
 2eya4Qn69TRRQGb8nFhp
[377, '57']
 yYLd0fAWbx7WfRcpaLAg
[86, 'C3']
 wJKlMQr07L1ZEvA4EOh4
[703, '1E']
 SlJj30vVP3VJ4hBTxJFX
[1188, '4B']
 5t4jS9TfQZK2TGDA7PwU
[1433, '4B']
 naSgQiOS0dvRpSKsTkRU
[431, '53']
 92KpfGBxOOb1yiLmVpDj
[749, 'F3']
 RtKCtCgigV9tQv2xgoRk
[81, '24']
 8b0TMkj1DP0m5ZXb3gdF
[349, 'D3']
 iIA2dpdHD3SYpTL7EbSP
[864, 'E9']
 Rd1JnHQQzjJDdqHqFrCN
[1358, '8B']
 d1Y9hUXhgwYTMjzKJZpr
[472, '08']
 1JkKwabcqnoalxDsOPxw
[1155, '27']
 tKlNsHixKubE5p2hg6E0
[769, 'E7']
 IzJbqi38Twn9o59i0VM7
[1070, 'AA']
 gOqJtf0qrTfqXHI5BpGA
[750, 'E1']
 0bKxBJwAEsDXburKuyWG
[113, '25']
 Ilf56RkZId9FqI5mxUx5
[897, '5D']
 OFjesohParbArjf8dld0
[1063, 'DB']
 GmF0VQfXFvI5x8dpeJlh
[504, '00']
 KxpeF8IHoRtG4hNKLNHR
[1567, '4D']
 94X5bJhjwKbFWRYFdM3s
[657, '95']
 2bSvY29szn7paiHEjESC
[1572, '00']
 t84xmTZf38ioo6Q835T1
[363, 'AC']
 LdXuQQUQ7Qq1tplfhpKc
[966, 'B0']
 wD1JBMv4npWhRxx3P2fW
[744, 'AE']
 ryTVwf00cHowsGNPjMSX
[648, '67']
 nQPhuV6kR4ld82K4LDp1
[641, '2F']
 i4CSyQXWtmmUL8dzycS5
[881, '3A']
 RkBnT3XqgNwcctj7wJBk
[511, 'B7']
 7lcPvUQ9FxIgNcxF8eFI
[1456, 'B9']
 5DYHireYW09fTOOF4HGO
[467, 'A6']
 oRT5Ufb8vIcFIZNYlJ9y
[721, '9E']
 KbO3DvsENlUm9Kti9AFp
[391, 'CB']
 3y7opOtYuMGcfMT3fi3S
[551, '53']
 TJLwvx8g3nGJqaHTA2Kq
[1438, 'DE']
 QAnDVYskqHYVWwcXTiNN
[647, '02']
 ko7qa2FZfnK2ppQymLcR
[1209, '2A']
 zCCs4xPjOgn3y2tXEyJL
[6, '1A']
 RotUUT2LFLatvDqiMhzn
[1136, '00']
 pgr6ND4wuIgyWcIWVSoX
[1110, '2E']
 mmlFXpbCRcV3WBwKlC15
[183, '23']
 SZTHEpad2OGL3m3EzA1r
[1157, 'FB']
 AYFxeN7dl2gKSJFGJ6Hp
[1219, '55']
 deVEsTSymbEhCmqBQxCl
[380, '01']
 KTm4R8hINGdknloizdfD
[567, '43']
 jXweuicsj8o5jo5zWCEE
[958, 'D8']
 1CuHGEyaxIYnn5wU1WLu
[268, '0B']
 qNibMsHa6wv6tqDc0pSQ
[796, '9A']
 prbONoI4UBzDJLFeVtRq
[644, '7D']
 PRMLxe83OM8PsdreOz9P
[983, '0A']
 HrJVBlmxSHdShP9EiCH9
[529, 'C8']
 la9jNGiG0ibD6oPEjdIt
[1374, '18']
 xxrQcUcfGlGPaoGSY27K
[687, '8B']
 b5Mb58mfOihPubb7DsYb
[497, '00']
 WXqXilffHEGfLBfKX12k
[1487, '52']
 VyRQ5qdjAzzjo4Yo17fp
[1327, '1B']
 hfYUr0dl7c652dSbEbXI
[724, '8C']
 9q3yyUE82GrWyQNoI16C
[135, 'F3']
 s5zCJWsYoAMrGTHgjHi2
[191, 'D2']
 cCxMmsGPU5h4shLkF0Tw
[1037, '18']
 S1qSbkm9NomyUgp1sCtz
[244, '5F']
 OGC4cIt3ydkXKtUfe5bj
[1025, '25']
 xNAOKBRqdR2QzUMcTdqs
[169, '78']
 fO4nJ4HN6SS2W8vZ3GNz
[937, '63']
 m8O3TLBzPL2h5JSyfCuP
[832, 'D0']
 xEbi1AjH1G0PGhC9MxbC
[686, '43']
 8otsKOxqOnXwTeA4W1RB
[932, '5F']
 bNxXtNMvntAe9Gul9TM5
[7, '0A']
 niWurfKHuhIUT59Vs0y2
[354, 'DB']
 P31ur4RkUgliMGON1Gsz
[1075, '01']
 Cxa0J8Aeo0WAEXqKHdrG
[961, '0E']
 Xmyyxruvtp9KJZ6UUdDf
[1509, '26']
 SWisw9q44cK5GLBe9OvM
[1568, '71']
 P47tyBhU4FOkdkGnd3AH
[1427, 'AA']
 6PDJ7zQfsTFcaoHOoStt
[1389, '6E']
 uYdtRCFgBOKknxPeRmS8
[19, '19']
 Cew6NsENqEOgc8ZE9yma
[1334, '36']
 6G7UjPyUboOpjiLbOhdo
[969, 'A6']
 eiolbzQDVgr1Nux30A32
[957, 'FD']
 ylf1cJ9Xrkf3jS1pDTkf
[168, 'BC']
 lIjMKUDXPslY51ugm4kM
[934, '72']
 6XnKxZWKefbb7K7R3TwE
[451, '48']
 m6GvtuuEheE4ZSpVzY5A
[106, '87']
 nBuGJOraNnYFcDLbz1KN
[795, 'E2']
 GA4M5SPhKJuHR3I9dzvI
[207, 'E6']
 dAvLJpVCfK8zjoAJabbG
[549, 'F6']
 Dpczf2zjHyiMsNWSKC7x
[1224, '5C']
 ZwqC8WEst0bjsD2FxnUW
[409, 'B3']
 9KSomwqf9TPsQVXsW8Ew
[981, 'E1']
 hYbGCTAJZXnKfTNm3o9a
[1304, 'EA']
 Jd1KLb4wvYXQKvc9bVIR
[1198, 'A7']
 ceaAl4o21OfVMup2m9h7
[1581, '82']
 sSVQXFYT8we0px5ahhSd
[1415, '92']
 hq32yWdXAuepaDBfyFgC
[968, '27']
 t0IQlFABCYDqcKeHAmvS
[1131, 'C0']
 tv79CpQ5TTsfNJVuFNxq
[498, '00']
 t5xvqoWhTQh93aRpvpBJ
[523, 'F9']
 vq8tKmMA8ahKeQBbuzOW
[1001, '72']
 Aj1fTttK1AgfqDqPnnFT
[1413, 'C5']
 fYTKadGsEGeGsFJLdL5p
[341, '06']
 09diz8MayT75bx8VtXhn
[830, 'A5']
 BmlHlvgSa7axcd9wk4ck
[1519, '64']
 QyLEJiusSOkFLeg8OlMJ
[210, '78']
 xwrptxVgiiqW0fB33LcN
[1218, 'EA']
 JGlfzVbKggWJIkQSeEGm
[516, '2E']
 jbhVAOfN9D3rIzyw2ZxP
[262, 'F8']
 fVLrSaSTUXcD4eyPUgEP
[338, '1E']
 p8bsSTpRz4tGWPuu2d9i
[1515, '03']
 ekDo416YQF94gkv5GPBJ
[339, 'F0']
 Qclu1a9gaLusjDlSIKpl
[463, '49']
 oFwN4lz1o9RQnKKiUWz3
[490, 'FC']
 rzfF0WSWTGc14kIHraX1
[815, 'B7']
 KHEpH2MYXwTmvfaGXSbm
[788, '15']
 Ano3CGJvqYKhw8Y6b1QW
[1369, 'F6']
 94sDYEbdiJDaUmiqfypi
[1319, '6E']
 yo1DyDTBt5uU1A2g8vn5
[518, 'BC']
 SpbU4y0f7oYhF9wvOcQb
[120, '79']
 esBBHYv7PA31l6ZiIsn6
[1261, 'F6']
 cC6YRHPxboPJy819AVLF
[860, '5D']
 KJX747J0gTAIFEnBAHYz
[1372, '8A']
 xRhZPXpe2R17oVXaZDUt
[1481, '90']
 fzqXJzrDswjUaPAmZwx3
[1029, '5E']
 v6sjmX6ExCd22egVnA2d
[603, '94']
 gfaCu2Mt4gXDMEWYRGGH
[21, '00']
 CJjytN5zn1xwZE9I7EhR
[36, '01']
 uoTYPkqlkvtZC6t3D2j9
[1189, 'C0']
 NILYKKOx6N5s5SobfvvN
[320, '5F']
 b844cGgWBjpXqe1xcLh1
[745, '2D']
 l1Pqp3RWIafPhV8RVYbw
[787, '7E']
 NDNiAhrwZHtIN95trqL1
[894, 'CA']
 z0HiQVv8J3X4E3KXH7xs
[1381, '64']
 QqN5ON3Y8LMzHKgglnd2
[600, '6D']
 5zx5AXAtA8EqbNwHV0aK
[1412, '43']
 6vMZ2X51HsYw5b7M3r07
[264, '5A']
 sI00wqluu1feqH6LQavd
[459, 'C8']
 tZy5dk9tE3OtSjO8RnVv
[1174, '37']
 ncHmfH5YjuNa4ETU8DzU
[710, 'D9']
 344hfEekLZfmSZFzRmrL
[1277, '02']
 7THxvJwIHmkpsyNw6M5n
[964, '9F']
 Ti42WtyA5GUrzvYOkfna
[57, '8F']
 JUpqbMv32WaKuooYW5N6
[1365, '69']
 xfH87Zh4WAMz8EBYC7ni
[908, 'DB']
 2voGLIEEYJ982f1ZQKYo
[630, '7A']
 cocCOhH3sg7w6lM5SCaA
[547, '7E']
 O8qBpRrONGsGR89gZgAL
[799, '6D']
 zJz5qDsawCnDZNCx5ToR
[1203, 'AD']
 mvABcRn4dh6IKSCtHFZR
[396, '63']
 oXI6zwn7uYU4T0AZgSdY
[700, '1C']
 XFxERfzsDo5V2exGoBue
[804, 'C9']
 x2NXRfhVv5iiaGHjT1P7
[1563, '4F']
 X3x9ZtHmbrrcmxzud0mg
[532, '11']
 oLHuouSdlIdXo2KbLnsZ
[430, '19']
 EBobg3ZbvpleCZmF6Hzs
[1492, '0F']
 CeZZkAvQZZZ3xeMW5G8Z
[1266, '32']
 jg8fzLKOBPst0CA1bLNk
[1207, 'EB']
 deJkmWD0PgDo2IRqMgb1
[779, '9C']
 Vfjhqwq5675MYJeo73TY
[1089, '92']
 1WKNQupvZbmm8ZD9hltd
[1236, '4B']
 dNcIfwxTZKQZxIQSUiVW
[1114, 'FD']
 Iq0oWvEUoRj1wYcWkeSJ
[298, 'CA']
 9L4suBVKlAGnTQgKkJ00
[1450, '37']
 aCvj8iKbGAMQI9lRlNCZ
[1347, '5A']
 vH6SMD0f940fuC3hdZqq
[661, '6A']
 7VWuFdZ8LxwxpoEuVzgK
[888, '74']
 nvth4U7kWagsX7pBU3vA
[1542, '01']
 DzeRL0jUC61i4oC0gTiO
[942, '2B']
 vYJ5sjwQ4GIE6BkhXGh5
[279, 'E0']
 37QEWtfxcAlU3ugWqnuJ
[592, '57']
 iK58phxTzTvCMxdomhPT
[98, '38']
 fjB49ltyAy2wASYFBZgs
[1253, 'B7']
 qYKFXLiInla8ea54lkbn
[887, '9E']
 wcpAlKkzyMyWvpQhVN9C
[186, 'CE']
 QhBT2dkG4FHpX0580pYn
[681, 'A6']
 La9Vc3GdVUW0ZRp0R4io
[1237, '58']
 fDbbhIq9rZeqd6kqF5Nx
[91, '78']
 iBbIUp3bYM8Kelf6avT4
[163, 'CA']
 FRm4IRfmJaxMXC7XIGSW
[1524, '4A']
 83lK8KMs7FNBcloddSjA
[1024, '9F']
 DqLPCW0irABG8Q2q8LfW
[558, '2F']
 6geMdqAKvI03BhHKcP3a
[564, 'E9']
 HaLLjGnht4WlV2CXX468
[1561, '00']
 sVKPr4BVWN6BcOHTIqWF
[307, 'D2']
 XNJkmwNPEghjbhzhJgvp
[1217, '98']
 baULlNfHwZOW96UdY0Ka
[1164, '4D']
 yBWxjLnPNYKQkdxKjXoY
[85, '05']
 s6zThZWjm4ObzwILhBAw
[917, 'D6']
 lEa6VeDyyVIBjOgY2BJz
[819, '78']
 RxvJbyCB3ZfRJi1jBmOH
[1256, '20']
 4No8GTQP3pb1NH9r46c0
[742, '70']
 AKSRUNeAOURLeWYns9Y9
[1135, '00']
 Yg0SSLnkhwdGd5YQ5mFt
[481, '8A']
 KpnjZEZk0VkrB1dhr02C
[235, 'B2']
 NEvvqsN07cZpVm327QUt
[149, '77']
 u6eJrlcWG9nW2WjIiIEJ
[1197, 'AA']
 9mUp3G3Q0G9sC5KdrWpI
[514, 'EB']
 kQnxehkwcRSpgKdB7D0p
[851, '0C']
 cjYaLQEGrhpLVAbnnH3r
[596, 'B2']
 8wabaupoWybVlDXMcwZu
[1214, 'C1']
 cb8aM2KcON0a3CJJ2fh9
[429, 'FB']
 W4VDasyv1Xb9PUz5wtAQ
[267, '8C']
 QUhoOI7roizAlGr53CMm
[1054, '00']
 dlbuBAKWNfndxiOrWBCo
[1508, '16']
 gNQufqHCjnCGojuRbIKh
[553, '1D']
 HUcbMFBGrjFgvNnmWDBc
[704, 'AA']
 NAL91HK7cSFdAKUExic2
[321, '66']
 d9p3MI1SmRzcGOF3GZqR
[488, '02']
 xhuOY3bUbg1Mj1l331Om
[108, 'D2']
 bJBSakdDJ63zh5dEdoP7
[706, '32']
 2WY5qM9izAYcxOnUxT5J
[1159, 'F3']
 hkSGqNONdzfbzYTXSTSN
[117, '01']
 DSRtucQ9tgZhmftpcma2
[534, '12']
 6o6hjjf5UGxa3tEbq714
[806, 'D7']
 Vg3WmEhpcgjZnSsSZRDy
[1299, 'D2']
 ZS2tC7AK4irNeeR8cTtk
[1329, 'FB']
 JsXDfih3wqrLsSy4wR1A
[654, 'D6']
 B1BGRkqEUijgjFDz9S8v
[176, '7C']
 JlGTl5W3ivMTNThkOqvT
[1215, '20']
 GjjqLKAsVioQdN1UQNTz
[1009, 'E0']
 Z7oTIZxxdyuvo7Bxh22h
[1284, '45']
 azJDGZeFywhQPNu2jK5B
[34, '00']
 kXqv0kFaRGahwrrOEVH6
[738, 'E5']
 nkMwYJMQUIze2wHgnkJk
[1086, '86']
 FIQxxkspoYy73WfzR1t0
[1068, 'B2']
 Fx13D4XjhBuPSnj6OMYJ
[1107, 'C0']
 0R7W4RqVUJWLZvVRAGiS
[1449, 'DA']
 iS1Pr8HdlGXWaw3ijCpd
[446, '6B']
 azDJ9onoMNHEX6w6yg0v
[1000, 'DF']
 uyYaHWfz0ymmfUCvHDkN
[631, '4A']
 Gusfv9QdYdV2D6bbEoJf
[138, '00']
 rDfvH11Oux8tHUr6DjuN
[976, 'E0']
 vlrRniF32T5Ou003z4Qe
[187, '33']
 3Sethh772N3D8gDXDtoF
[56, 'B1']
 rXkx2DLE79YZNOnZZ7fO
[1163, '71']
 HtNWzyBaaQcI7LaUwSjA
[813, '1A']
 kOcFdAkY98gfQzUcy7cg
[748, '48']
 SrOld7zlDR9myrm8lBbM
[1186, '2B']
 TdV8Y8elrSbVo5VfuVVB
[637, '36']
 aYnZuxq2sB14KG3xyuYe
[1406, '06']
 1iEJuHb0cIPD04fJKm37
[1014, 'BA']
 bdJDGPaIM2DcfOUw8RTd
[699, '52']
 plbX1qF2Q2gGuxshl3W1
[627, '1F']
 3oC4SgPt4PFi58qyMzNA
[214, 'FE']
 GQQr1myKLAAQqpyeRR1W
[1269, 'A2']
 rAdGipDYzbCEmjWR8ja3
[154, 'A7']
 fs0gEdp95EARqBDKf33R
[369, 'CE']
 0TgOR5wmxYBegfVrWCii
[1537, 'C8']
 Mayg6CCL7W0aDjdrkXeN
[54, '00']
 qlHwcPLaQNkr1RPwvHbv
[949, '47']
 4xxU7QOerwfvHNHWc6d9
[817, '3D']
 NogbyM9HlCe6iiWIcpCa
[995, '7C']
 0XBMtLedPZzHxtU5LKMd
[1108, '38']
 LbtjYU4HLtXKm7GA4GoG
[1055, 'E7']
 i77Z159MoX3i1F7OfP0l
[1552, '00']
 XzumuLrimnw0BL7THdam
[605, 'A7']
 5q2jMHgfFkeTOqyIwdzM
[1111, 'A5']
 QU9NqKec9U2GblZ6AgZX
[342, 'B2']
 s2BaitpZc9el5yo7qR04
[495, 'D6']
 l0PN9HNyxlPaspzJnn8t
[223, 'A5']
 T3gF7BGcc9JpsqqoCzkj
[414, '4B']
 ZaJRRJnyDdYt5yuNgNuq
[33, '00']
 5C8YHAcYnhYzlBleAJf4
[424, '80']
 vXJisruzHKvtUKXRcblf
[933, '56']
 KXtZCOx2d7aqecSRMJmO
[1228, '2E']
 qjm233bZDO1DqEJkra4R
[297, '9C']
 yoDZjW8TnkQRGOTaPFyM
[613, 'FC']
 GSHFhqkVxgFmQU8RY5Or
[1462, '01']
 NzlTMTrgPcIExKUUIg6q
[841, 'C6']
 ZKmyv9D67aKceuzBgYws
[1458, '9E']
 EGOPqLOxb13BF5yup9IK
[822, '2F']
 v7Qpj2LG0VK1ilpRGSWD
[594, 'A9']
 yR77hdEOJoEzpzIygLv0
[83, '00']
 EaJJBfRlMrHBM5urfHYC
[1021, 'E5']
 7EurEugnJgQ7sGnY2STH
[1233, '12']
 02gYXteZP8jbkVKAYaSH
[501, '00']
 6Arr3433doerYTeIFjyF
[1490, 'C6']
 IEeWsTbxHkD5CY4i2zeJ
[1472, '89']
 su46u96anbyLNSGr7fG4
[1410, '35']
 ZVWln0sog5ggqLVsrlA2
[1349, '7C']
 Nvu7vZGWXNOB2PNDQp4E
[79, '49']
 EFBogHdeCm1UKxuHsdyK
[80, '52']
 Rx6Widfme5AYEuYu4YbD
[164, 'C7']
 epU9x4BoGa2Tz2Kz3n4V
[59, 'FC']
 ObV1jiIR5Bjldm376LGS
[623, 'B4']
 IDZvXy2sccsYy51mlxOG
[606, '6C']
 kPRF1AGQ1vAfdjKj1zZf
[1564, 'FA']
 dqoyvwRwo8KuenrJ4NYR
[69, '73']
 9KKKeFtygBFMwzPb1Szm
[1356, '52']
 6BZZX0IzJRQvi6MYOYRQ
[663, 'EF']
 uWl4g2dnxVuJXnMvACIs
[466, '03']
 6wXQMvi6CEsPgy0PZ7y1
[980, '1D']
 JiWLrTsm6JsokRHNL1OC
[1221, 'EB']
 6bwFH6cI1semaeNKlSAA
[610, 'A3']
 F6gjNTTxP6kr29LoIxhG
[257, 'D5']
 FBDuQwkLjstJ4md2PuSC
[1330, '3E']
 glbCCcqQorelWyVn8CPQ
[1378, '9E']
 88aWUIDgEQitOSSPpUC2
[1485, '48']
 yhohXfS991otFdZOCaR7
[840, 'E7']
 dzQ0nNVXqvj1mR8R5hEg
[129, 'E3']
 1HfiDkEcPM5tv4Exwz4F
[361, 'BA']
 Sy9uPn1g0tYPmZnvnktQ
[945, 'C5']
 EAGKg52WlpoiDdu5HsE4
[443, '4B']
 VuBfoYpaUvXZ1KaoA8uf
[1137, '00']
 GvwlPDLArfNchqq2h1e9
[525, '25']
 xldtqwhYBybfGnI8Np8a
[948, 'DF']
 eco7MKCFD4nmjwch9Uie
[439, '87']
 S5vUlBudpYM33ZbscN5W
[1087, 'DC']
 81aeTqSPQHgr7zb3hX1G
[524, '90']
 bIaD03O3LgCIR1wXL4or
[1247, 'F2']
 zvcLQjQiAOcZtgyP4VOe
[493, '92']
 4yq7ZyTkKwvLyyf6G05b
[340, '9D']
 h0bC4CWBdKIVClMbR4YR
[282, '80']
 4xsgyY3JEQ0z0IAF0LjE
[837, '54']
 oTHkByczaCyGFwQdgXoo
[192, '28']
 5lqgW6GUYJWETDtzIDDV
[353, '11']
 j4QOfO1HdzD2friONlsn
[281, 'C9']
 dQNcIgZhjtVvFYqfNU3W
[712, '9D']
 uepCfGT4bESYRf25yySf
[575, '13']
 0GrRzudipuKrfAHzTZXH
[1263, 'E5']
 RogKttQORQiw3dQ4FmmL
[783, '4C']
 UMtThImVTj41Isow7sDT
[1391, 'F2']
 r87yPmesciLDWSfoLEk0
[542, 'D8']
 VdLeqIeJZpFO8x078Fq2
[1177, '82']
 Uo3vNlKflKd4nGPaF7GQ
[420, '21']
 UJUGCAfEOQjN687hV7qx
[1316, '5C']
 8gbOn7w9UDLIfSDqXoXH
[891, 'B3']
 BFrtZ8f4bRhG0hsnVmNh
[411, 'B8']
 tXIxsjFkG6QjeNCyKWBv
[128, '18']
 V0Zz3sLMIuX8pG7t7a8p
[1513, '4B']
 uQirUy9LPjG1Iz55etUp
[1354, '1F']
 RLwYmLjzoXG7NyKW1j0e
[1272, '8D']
 jkYnLiRArrMpKcOOGWqO
[241, '8E']
 1AStL1Vf87gGPdsWI1Rw
[26, '00']
 LgWPUhWR6D8h0JKnSSY3
[1512, '21']
 pqv4xIE1Sk6B8gy7OvGC
[677, '7C']
 2Hw4vXe8Rxr0JCdbvhqo
[1251, '16']
 SGJsRTzqvAjqVfcbYAD2
[701, 'DA']
 n6QIEu4h9uoFkpwyII0C
[465, '69']
 LNfVqrGtCMxYQ10iGbn4
[906, 'B9']
 ewMIhMrmiiuGKM55YYk8
[1212, 'D3']
 KAcBORQGknjw4E1rxdUW
[1173, '05']
 RJOKpCqBoO8jYM7ftIWo
[697, 'C9']
 utKaehl4gTA3CBka9iX3
[1489, '7E']
 NJCWqqUYI0i1v182R0Mq
[1474, 'C7']
 gIcadDLvCPjRBkpTvMbQ
[856, '39']
 neoQScl6hJFYiGIcuB7t
[671, 'A9']
 qqnqOkTlhds67HUH3qZ0
[1375, 'E4']
 1o1L2WlnCkhFt182pFfZ
[1061, '4A']
 pL6JUql1tplAilSQdZgj
[1141, '00']
 fC4YOqatPxWbONAV3ttn
[335, 'DD']
 E2PRwiFXgIUsIkndcIth
[1394, 'C0']
 HdyOdXozKLBBLCnkT8BZ
[902, '05']
 XSinLpPLb75pu12AgUeZ
[1120, 'CE']
 QlIxGfUhDW7NTFrkmA0n
[544, '7B']
 bs9uCdBJI5Cujum5loOw
[1291, '47']
 266XkB57KnCRuQDxQZpL
[423, 'FE']
 W3RSwXMxXCkz7CmFq1JT
[10, '00']
 psuJM1aJxvqQgyxuAc3X
[167, '7D']
 VXsVjjlsMpdn1DYl9cNx
[344, 'DF']
 4FViUOgEHNvcrCQGt1wJ
[789, '14']
 KVcClbOfURryq1JRVe7b
[179, 'E5']
 nS9Du5KpJblifw0orKVj
[581, '50']
 h0J2dpjZaTK75TArkAWX
[1435, '67']
 9BfJ3cONOXzhzSZP3hww
[931, 'DB']
 ltGXYe10s7x6Sps6eWzy
[486, 'CF']
 AiBFSM2GS0Td4vP53jsW
[1403, '51']
 7bNqiv9egerLIi7EFbNg
[1127, '88']
 elUhKLbTcF1ZKR9g4mmJ
[520, 'FD']
 dIM1S2XtDdWXhtewtaiI
[573, '77']
 LPBpBlfcbrRABN5ia5xN
[598, '0A']
 0B33qXpG4VEiWglPGHcv
[889, '1C']
 zrzKPsEL8gRhyN79tvXl
[1455, '03']
 QcBuAZ1XYqapZbFp8SFI
[9, '00']
 wIkto8ITAujFaYFnjzoT
[0, '89']
 k1dfiPDsCOnJJtIu99u3
[929, '9D']
 FDZd2g9RJRWUPjuaParH
[771, 'EE']
 9vZnwwkJQ0pfgsUqNzUM
[675, 'CE']
 0bWF8aoD4CMxlhoEg81z
[63, '00']
 zSyFMKRxelAcPybUJApL
[985, '00']
 bvM28NfOBEpbk2waM2eO
[733, '06']
 K1aUGL1SsvA2YKw0JbkZ
[317, '1C']
 skcGkVD5NvVDqGyF7XSL
[1308, '2A']
 sr1J5qRMspjH85r2bBWH
[579, 'E9']
 meVVbbhi094Me7uC5mIF
[951, 'E5']
 sDGa4siee3C4iJR0bwMF
[1026, '7D']
 g4NxuPNBTFuMMJG7n3FS
[825, '7F']
 BYyhBrW5280cwz0hUtal
[62, '00']
 oXQEbcx0Y8pvdzCPEsxw
[74, '00']
 BEd8xWJM0PEANv2etvq1
[58, '0B']
 dX4ohLUD5hPBaxv3G1mJ
[626, '2C']
 PsCJXH8mbpxVLqBtQoWs
[405, 'F4']
 8wiIFuOs2zY39eXaOgCk
[548, 'F7']
 ksP2JvgQwYbitsgZ0SYw
[1018, 'EB']
 4PEqBmjOv0e8l9rHrUBy
[527, '84']
 eNnRpKsm09J1dhk5LXdF
[846, '58']
 yZtfhG7HFTkkaCpm1UWU
[570, 'E9']
 VMwrc4GTHCbfUvdlbBQa
[900, '6F']
 Ji2lwGGVfFBfdBjYsWJy
[243, '09']
 VEbdeRrWcBmWtW39QUe7
[973, '00']
 7sfKDCMq5e2gwwC1lOCU
[1348, '96']
 WmOJa1Px7mp1gcoWFxBA
[950, 'CF']
 LZZhsKfImtnkhVPXiDun
[1052, 'AA']
 ntN3sIzDTwOolXCbS8L4
[984, '00']
 rSLnyCMHIHK6anH9tOqe
[928, '2C']
 dbXlHVz1Ow6MoAl0eTVb
[1538, '8B']
 GaYY3uA23mPMp6DcO6oZ
[290, '99']
 vnhPpBTTZN8zUvcdg9ei
[1156, '63']
 4oRomZ5c8nqvLeJImASy
[802, 'C1']
 YGTNKZyouSx1nKJl82fq
[46, '00']
 g1KpZBcyrBlbdSLfM6I8
[1491, '94']
 N3kel1rSDGM4YynOUE6B
[122, '32']
 otJAQ0RzuXfBqGAnRrvO
[1504, '63']
 1ayH53u0FUmE6MjqjyAI
[944, '54']
 2G57yBndIXM1pkr6MMjP
[1062, 'C1']
 gf4b1ueDxSLgY37Z7zMJ
[974, '00']
 DlITMaqwMBfhW6fw179u
[228, '69']
 Zz6LU5NmUC9KVKb8MpIS
[824, 'FD']
 easykyQKSxZ1R3cYunwO
[839, '6E']
 1YpRerECwehQ5oy4xXeR
[479, '48']
 pBizFz9t8cE9j5ONyT9b
[1518, '16']
 KKVg5vLqRCb9ghRKRnf3
[1459, 'CE']
 tKIbWDPFApKzOrvstooW
[838, '98']
 Xl41FmJqFhM5T8crrs3e
[182, '24']
 7rahhAQSBr2l3mAmwbFd
[694, 'B3']
 hjsWmNT1byOQ9qoD1TVN
[1099, '07']
 1M8PtV83nTjHGz3x3l5c
[893, 'CB']
 Ew3P44wYyfvdnBcD4wUP
[1160, 'CA']
 maXeOQyODXk64Zih78WU
[103, '8B']
 peOF1odZKWrCIGDgBL1T
[758, '6B']
 myYDmqNnk6227iRR1dRr
[324, 'E9']
 NId4ASXJX4wHR6VHOHoi
[861, '37']
 0o5rOeVdqLoybLKwk1mW
[616, '3D']
 Huf0CsTc8yXm2scxckgB
[378, '45']
 nwO31DU3WH6ARDU44wF7
[332, 'DA']
 mcVR0FE5pkC4S6rG2n07
[1460, '99']
 vK99n4aM4Kd4ZCzuB1uj
[1051, 'F3']
 eXOIefy5ppeBYlGcNoxg
[5, '0A']
 ydPuHJbekQvQmh0pH7Sq
[473, '00']
 QXNFPrcRHnFdOUnLA9b8
[234, 'D3']
 54HSMpk4znSCZusteRP2
[1483, '5C']
 B3ffAm5GYmLkSD4pslOZ
[920, 'E9']
 k8s0b3cvX8Rjy24AlYSJ
[536, 'FA']
 YUPiIJL8vt7Fuvn9wpGo
[1437, '7E']
 N7FHTE0z8kF3zMzIxiGF
[116, '5B']
 BWLJhBOffdKDMBGeEigz
[1273, '92']
 UiyHqBkhebxAEL1pDjzY
[1268, '32']
 HgORJc1U7fkabZURtuxs
[1361, 'AE']
 HHgpm274ZFwKCUo5g3SU
[662, '73']
 xgmtCZnqD9KbJ1gAkl1j
[12, '49']
 dp8ezZ499u4l5HutbM7c
[1015, 'D7']
 RFsNhDesINxmY6NOKbSW
[355, 'B4']
 bAEVJqq2kZOLJtMPVHwc
[292, 'D9']
 sa3gACEIQkAuVAEMJQeZ
[1528, '59']
 zUFND2qH1NV5t5gMZFmQ
[426, '2C']
 NQrAdS4bvgu2myrk8bnW
[1050, '5B']
 wNHDXSKRvTgUu0WzHFqi
[866, '25']
 37xOpQjGFTmvZU3rx9Fi
[92, '5E']
 Gc5GZ8e8lgexYaykg6vo
[583, 'EC']
 Gsi75s9WxoPJQF3Y5nMP
[1402, '0D']
 050mlmMUNcf5OgLgxNnn
[870, '23']
 e9WO8GyZAwKxCeZCX1J6
[1407, '69']
 1bSGLdKS2LSrfIy7Mc6H
[725, 'D4']
 iUY7G0WYYOYO88MTQhF2
[478, 'C7']
 JuMW5jJDsIgi1GNajuaR
[1216, '69']
 NWWIhgH0o5wzUqXLqPvx
[886, 'AE']
 wqRAE343wKxFKDwSkJ1q
[1017, 'AF']
 xN8n7eSIlWJg6k8Dp3vC
[1393, '5C']
 HH7wA6wFq7zlI5zjXXfS
[844, 'B6']
 wfC1KUOvPGLhroz1DkVI
[438, '48']
 bUwcjmL8cp2tHe5nZpcW
[517, '2E']
 vMGzQfapRZb0d8qVaeoY
[1379, 'C6']
 nQZMG2JVo67Lp2Wsq6QX
[680, 'E7']
 sHCJKy3itzoRSwZ63Ghj
[1084, '86']
 GRKYZI5vC2SbzVfzOHbC
[1544, 'EE']
 fEBoFEkugu59R4RX7uaI
[580, '91']
 udCBtpfcvEP1e8a4ZBXX
[159, 'E6']
 RELlNPaygolU4h7s2Jaf
[1364, '25']
 2u7vArDoFtISvUu7AF0H
[1480, 'CC']
 xbWptvPFWT910EqoeJM1
[1470, '4D']
 LINytl48cfDNXItVH9Y6
[781, '59']
 rOh5Kgsx33LNgopCevRs
[208, '64']
 gNJeX2ia6Kk8qy91Ff61
[258, 'EE']
 djSvIwzfsuXU0XFGEsvT
[543, '86']
 2m1BVoulPY1L4Pp3WNN3
[1254, '94']
 3Wx9XqtP9M97JBhloHMg
[325, '94']
 zVGI11DZCadsue9ErCf3
[370, 'E8']
 0s7MBaA2GxszpaYYijka
[731, 'EF']
 GH4fd62obZ9z5uCkgzUc
[1302, '47']
 rlDE2e6kNTR9NfXwalDZ
[1390, 'ED']
 xXGe7mroBrfgrht1ICJm
[458, 'BA']
 PHl2W0vXyguk3lFHToZQ
[254, 'CE']
 Y2lm2hSROFjHLNykIxUl
[45, 'E9']
 OOuG0U8eB6xP6wUCWyf3
[293, '6A']
 KxgRZ4fT4UzURtoMpF5R
[890, 'E9']
 VNUZyUS9bQ3sopJGxjCc
[848, 'C9']
 iGEIZqKxvP2WoNiWHumG
[1383, 'EE']
 FErdyTV8kNFMPen9Tc8a
[1161, '9F']
 NRnrI0QdwOz8f6Rysq91
[734, 'BD']
 6RdFi2pDaYjUym6EO2eE
[503, '00']
 C7dlRPKSpSYtTnkQ53Pg
[772, 'DD']
 mdPE6jmv4wQCWEtR3vh6
[455, '6B']
 r4uFVt6PhXIhIXoU24Q5
[134, '80']
 NY8Nfyp8ZanCW44QUEcU
[1414, '51']
 qukJUXeZBXb3yx3Kn9qI
[474, '9E']
 KrZywhPJR504o8Sjuq32
[767, '96']
 797s98zlVvuSr8WqnBRr
[668, '29']
 admUxuLgsXoAArafYpmQ
[939, 'A0']
 3bFfpTu48wDBptbcQmQ9
[309, 'EA']
 N5IQG8K1lbPTqrFH8sxm
[38, '52']
 TqhqPZ3io621RUR6K85I
[977, '9C']
 JEBIDgUg3AYTtpOyUxJC
[1296, '20']
 VC07w6S3GrSwvDf0vPRV
[240, '47']
 fNsLDu4VWaoOdOd2IN0n
[343, 'B4']
 fo28rwP8PvHOKgekRPFY
[265, '1F']
 soDVJeGfKUZjPs8MI1GL
[1521, '18']
 MwxczmJ7RoFhwTn7Qco2
[554, '92']
 9F5F5C2TtMiOuiCQBYUk
[1239, 'EB']
 PdDhBeSnL7IHgpT8C0sM
[1422, '63']
 V9QTvSjwbRx7VmHPeE9e
[1499, 'B5']
 GWS2XeAx7taE2shbOxto
[1100, '39']
 9DPMX7hc5P04dH2lwQvJ
[107, '6A']
 TsS0yvDIIx5StVh6UeFJ
[1213, '2E']
 eFPIOdbPrCjyiprs6y5L
[1411, '6E']
 X5zyLv3V6gEi80icDqZU
[1076, '83']
 rNNZk1poDYEwiEP4lnbd
[385, '9A']
 QeHB7zGQCex43HvU1Mhl
[1034, 'E7']
 CHaLIu3EfOraQ3xXs4vw
[4, '0D']
 IMtRWKlz6BDALHvnnOtA
[1373, 'F3']
 JPEqhxkIX0aoKXzajXo4
[1010, '0B']
 8FMy0TJi1HQm5YJbjZWO
[555, 'E8']
 Ni8pZgeiu35IGF9nkG8z
[912, '73']
 CgXjMmQw4554f527rx4u
[659, 'DB']
 B6TUGm7okvDz6DLrDwSc
[1451, '03']
 gkndvbm4nE4cMYQ0aHfq
[1103, '2B']
 QTAhy0qXlDuL0O35hLxG
[587, '79']
 BmY7nY671O2i5uBrmRJ1
[867, 'DC']
 B4aibMvQ2r7aRxAgKsub
[1392, '05']
 WDbaaXC3IrHIsDsiylPd
[15, '52']
 YxrCo9pUnIADlN1lBJOV
[1230, '6D']
 Sps4WADQB1EjCITtmBE6
[905, '36']
 X7D9GDRwMzWAurq2FVFu
[836, '14']
 YcOSyXiT2xS3cjNc0x8H
[528, '0F']
 DC3gaWBVulFxmmIQNiKo
[1133, '0A']
 CHIZP8kMHeMDyuDCBMFy
[219, 'D9']
 3yTLMY0XD0hCJtbGvYH5
[1380, '6F']
 7rPkTkmJVwg9wbQmBp0h
[1441, 'C7']
 3HjRNBGFBPEYVfELmBa3
[326, '69']
 cK5Onkn0coXpM5GSnFza
[1362, '5B']
 lObLmAZHedz9t6V5WH5w
[740, '38']
 P8QaBYJpyzM8eNbC32lO
[1306, '75']
 raBhCWE7vIf8em6tnYEx
[124, '7B']
 wC39WBkRHJovE9bWZBGu
[1520, '09']
 LRcBNKIhICiao6oX7VlS
[1172, 'B5']
 hHXAtJHHo2BqiwAcDXV9
[991, '00']
 Hyt39XjsNzWRo3dGBsHx
[1473, 'EB']
 kUD7KwGtGgSnuvVHdm53
[487, '02']
 QKpZZqNHm4vWuPEaVCU7
[283, '6F']
 Pg5aJrGq7H9rXfT1gOf7
[899, 'B6']
 vsTcLtnulhdpH5DO9tbi
[403, '69']
 deQF5fie7ya1oYGj0dIr
[269, '86']
 g8IWy2xBQZEaEbR5qbka
[1557, '83']
 tS2N1X3s38iAEV2V0zES
[689, '2A']
 jZlEEOpKOp6mXkAHCfh8
[823, '16']
 DWhf2KJnpbWes0n7hjwL
[1476, '8F']
 ecNDEnYlzEwTgSpjtt8V
[1562, 'B4']
 rLREChjxurToI7NdgGX6
[1377, '12']
 wiISatx3SckHt0PuVLxI
[1500, 'B9']
 dgjDvLhyMAv5BUoe8MoQ
[797, 'B3']
 t8nmysCzD0fwSOYhgI90
[1, '50']
 912UA2VesX54uJE90dQq
[484, 'CF']
 9UYENh4IVosypHv2qAi8
[972, '00']
 AHuwight9catpcyYfwMM
[794, '9D']
 xmsJZuUQYEocdjCHiYBX
[140, '00']
 TsrPKBuhyyGE5VPGPj9R
[1022, 'C0']
 OoUiG9xFnLXCRGUQay9H
[879, '7A']
 uiKHBYS8zhFxc33U9U98
[336, 'BC']
 2aNh6QVUpUfGHs5ohHia
[982, 'B4']
 gKfvyrqYiv9menjWjGY7
[791, '40']
 Dtatp0JJBN9HM18HdbWp
[1464, 'A2']
 oAClayh2frwT5xF3qwPe
[829, 'D2']
 h7DYJEhiqNCftRW8qkHb
[1475, 'A6']
 7JXhV8onrjYpKs7M1XEz
[1545, '46']
 n24KroFuPihV4YtxLSSm
[741, 'E7']
 YOqU3jV1O8MCMsDrjvfE
[1128, '5E']
 SiOWPMx3HG3fMzxadCZZ
[1484, 'D6']
 yJvi5CNovLMf3vSOqMZW
[569, '4D']
 PWs4PV5k6jYtrvvB9bzP
[1396, '0C']
 b6tWvQ8ywoAPuqxfGes2
[252, '91']
 UvpDKKN2ZLcAoq4GySeV
[1060, '4D']
 BhrtlATUyGsXksOxSvCI
[386, '45']
 USby8ohrfTpY5cSSsTvv
[1547, '00']
 mLQKoxb2r6sQzN7dPfws
[965, '4F']
 VGfBdJyML6aLa2M3d3j2
[1192, '25']
 wkxPetY8Va7evRDCM19w
[471, '5E']
 cJagk3ibVq5t6eToZcL1
[761, '48']
 3jsoCJN0jDn7ilbMlp3t
[1096, '96']
 eqvboUVZoSB5Hqs7RSjZ
[880, '85']
 u1JtCXqJ6BjtkOV9smpR
[664, 'A7']
 GP5A3vrKVn7DI7Jhq2dq
[421, 'C9']
 PZXyBTUxHOYXqQCskWlE
end